Project:               blower_burn_in
File:                  file:/Users/ekalan/Workspaces/ESPWorkspace/blower_burn_in/components/inno_connect/include/example_common_private.h
Language:              GNU C
Index Version:         220.0
Build Configuration:   Configuration
Context:               file:/Users/ekalan/Workspaces/ESPWorkspace/blower_burn_in/components/inno_connect/console_cmd.c
   C, {}
Versions in Index:     1
   C: {CONFIG_EXAMPLE_CONNECT_IPV6=null,__cplusplus=null}; 0 macros, 4 includes, 17 names;

Macro definitions (from language + headers in index):
   CONFIG_ADC_BUTTON_MAX_BUTTON_PER_CHANNEL=4
   CONFIG_ADC_BUTTON_MAX_CHANNEL=3
   CONFIG_ADC_BUTTON_SAMPLE_TIMES=1
   CONFIG_AFE_INTERFACE_V1=1
   CONFIG_APPTRACE_DEST_NONE=1
   CONFIG_APPTRACE_DEST_UART1=1
   CONFIG_APPTRACE_DEST_UART=1
   CONFIG_APPTRACE_DEST_UART_NOUSB=1
   CONFIG_APPTRACE_ENABLE=1
   CONFIG_APPTRACE_LOCK_ENABLE=1
   CONFIG_APPTRACE_ONPANIC_HOST_FLUSH_TMO=-1
   CONFIG_APPTRACE_POSTMORTEM_FLUSH_THRESH=0
   CONFIG_APPTRACE_UART_BAUDRATE=1000000
   CONFIG_APPTRACE_UART_RX_BUFF_SIZE=128
   CONFIG_APPTRACE_UART_RX_GPIO=13
   CONFIG_APPTRACE_UART_TASK_PRIO=1
   CONFIG_APPTRACE_UART_TX_BUFF_SIZE=4096
   CONFIG_APPTRACE_UART_TX_GPIO=12
   CONFIG_APPTRACE_UART_TX_MSG_SIZE=128
   CONFIG_APP_BUILD_BOOTLOADER=1
   CONFIG_APP_BUILD_GENERATE_BINARIES=1
   CONFIG_APP_BUILD_TYPE_APP_2NDBOOT=1
   CONFIG_APP_BUILD_USE_FLASH_SECTIONS=1
   CONFIG_APP_COMPILE_TIME_DATE=1
   CONFIG_APP_RETRIEVE_LEN_ELF_SHA=16
   CONFIG_BOOTLOADER_COMPILER_OPTIMIZATION_SIZE=1
   CONFIG_BOOTLOADER_FLASH_XMC_SUPPORT=1
   CONFIG_BOOTLOADER_LOG_LEVEL=3
   CONFIG_BOOTLOADER_LOG_LEVEL_INFO=1
   CONFIG_BOOTLOADER_OFFSET_IN_FLASH=0x0
   CONFIG_BOOTLOADER_REGION_PROTECTION_ENABLE=1
   CONFIG_BOOTLOADER_RESERVE_RTC_SIZE=0x0
   CONFIG_BOOTLOADER_VDDSDIO_BOOST_1_9V=1
   CONFIG_BOOTLOADER_WDT_ENABLE=1
   CONFIG_BOOTLOADER_WDT_TIME_MS=9000
   CONFIG_BOOT_ROM_LOG_ALWAYS_ON=1
   CONFIG_BROWNOUT_DET=CONFIG_ESP_BROWNOUT_DET
   CONFIG_BROWNOUT_DET_LVL=CONFIG_ESP_BROWNOUT_DET_LVL
   CONFIG_BROWNOUT_DET_LVL_SEL_7=CONFIG_ESP_BROWNOUT_DET_LVL_SEL_7
   CONFIG_BSP_BOARD_ESP32_S3_BOX=1
   CONFIG_BSP_DISPLAY_BRIGHTNESS_LEDC_CH=1
   CONFIG_BSP_ERROR_CHECK=1
   CONFIG_BSP_I2C_CLK_SPEED_HZ=400000
   CONFIG_BSP_I2C_FAST_MODE=1
   CONFIG_BSP_I2C_NUM=1
   CONFIG_BSP_I2S_NUM=1
   CONFIG_BSP_SPIFFS_MAX_FILES=5
   CONFIG_BSP_SPIFFS_MOUNT_POINT="/spiffs"
   CONFIG_BSP_SPIFFS_PARTITION_LABEL="storage"
   CONFIG_BUTTON_DEBOUNCE_TICKS=2
   CONFIG_BUTTON_LONG_PRESS_TIME_MS=5000
   CONFIG_BUTTON_PERIOD_TIME_MS=5
   CONFIG_BUTTON_SERIAL_TIME_MS=20
   CONFIG_BUTTON_SHORT_PRESS_TIME_MS=100
   CONFIG_CN_SPEECH_COMMAND_ID0="da kai kong tiao"
   CONFIG_CN_SPEECH_COMMAND_ID100=""
   CONFIG_CN_SPEECH_COMMAND_ID101=""
   CONFIG_CN_SPEECH_COMMAND_ID102=""
   CONFIG_CN_SPEECH_COMMAND_ID103=""
   CONFIG_CN_SPEECH_COMMAND_ID104=""
   CONFIG_CN_SPEECH_COMMAND_ID105=""
   CONFIG_CN_SPEECH_COMMAND_ID106=""
   CONFIG_CN_SPEECH_COMMAND_ID107=""
   CONFIG_CN_SPEECH_COMMAND_ID108=""
   CONFIG_CN_SPEECH_COMMAND_ID109=""
   CONFIG_CN_SPEECH_COMMAND_ID10="chu shi mo shi"
   CONFIG_CN_SPEECH_COMMAND_ID110=""
   CONFIG_CN_SPEECH_COMMAND_ID111=""
   CONFIG_CN_SPEECH_COMMAND_ID112=""
   CONFIG_CN_SPEECH_COMMAND_ID113=""
   CONFIG_CN_SPEECH_COMMAND_ID114=""
   CONFIG_CN_SPEECH_COMMAND_ID115=""
   CONFIG_CN_SPEECH_COMMAND_ID116=""
   CONFIG_CN_SPEECH_COMMAND_ID117=""
   CONFIG_CN_SPEECH_COMMAND_ID118=""
   CONFIG_CN_SPEECH_COMMAND_ID119=""
   CONFIG_CN_SPEECH_COMMAND_ID11="jian kang mo shi"
   CONFIG_CN_SPEECH_COMMAND_ID120=""
   CONFIG_CN_SPEECH_COMMAND_ID121=""
   CONFIG_CN_SPEECH_COMMAND_ID122=""
   CONFIG_CN_SPEECH_COMMAND_ID123=""
   CONFIG_CN_SPEECH_COMMAND_ID124=""
   CONFIG_CN_SPEECH_COMMAND_ID125=""
   CONFIG_CN_SPEECH_COMMAND_ID126=""
   CONFIG_CN_SPEECH_COMMAND_ID127=""
   CONFIG_CN_SPEECH_COMMAND_ID128=""
   CONFIG_CN_SPEECH_COMMAND_ID129=""
   CONFIG_CN_SPEECH_COMMAND_ID12="shui mian mo shi"
   CONFIG_CN_SPEECH_COMMAND_ID130=""
   CONFIG_CN_SPEECH_COMMAND_ID131=""
   CONFIG_CN_SPEECH_COMMAND_ID132=""
   CONFIG_CN_SPEECH_COMMAND_ID133=""
   CONFIG_CN_SPEECH_COMMAND_ID134=""
   CONFIG_CN_SPEECH_COMMAND_ID135=""
   CONFIG_CN_SPEECH_COMMAND_ID136=""
   CONFIG_CN_SPEECH_COMMAND_ID137=""
   CONFIG_CN_SPEECH_COMMAND_ID138=""
   CONFIG_CN_SPEECH_COMMAND_ID139=""
   CONFIG_CN_SPEECH_COMMAND_ID13="da kai lan ya"
   CONFIG_CN_SPEECH_COMMAND_ID140=""
   CONFIG_CN_SPEECH_COMMAND_ID141=""
   CONFIG_CN_SPEECH_COMMAND_ID142=""
   CONFIG_CN_SPEECH_COMMAND_ID143=""
   CONFIG_CN_SPEECH_COMMAND_ID144=""
   CONFIG_CN_SPEECH_COMMAND_ID145=""
   CONFIG_CN_SPEECH_COMMAND_ID146=""
   CONFIG_CN_SPEECH_COMMAND_ID147=""
   CONFIG_CN_SPEECH_COMMAND_ID148=""
   CONFIG_CN_SPEECH_COMMAND_ID149=""
   CONFIG_CN_SPEECH_COMMAND_ID14="guan bi lan ya"
   CONFIG_CN_SPEECH_COMMAND_ID150=""
   CONFIG_CN_SPEECH_COMMAND_ID151=""
   CONFIG_CN_SPEECH_COMMAND_ID152=""
   CONFIG_CN_SPEECH_COMMAND_ID153=""
   CONFIG_CN_SPEECH_COMMAND_ID154=""
   CONFIG_CN_SPEECH_COMMAND_ID155=""
   CONFIG_CN_SPEECH_COMMAND_ID156=""
   CONFIG_CN_SPEECH_COMMAND_ID157=""
   CONFIG_CN_SPEECH_COMMAND_ID158=""
   CONFIG_CN_SPEECH_COMMAND_ID159=""
   CONFIG_CN_SPEECH_COMMAND_ID15="kai shi bo fang"
   CONFIG_CN_SPEECH_COMMAND_ID160=""
   CONFIG_CN_SPEECH_COMMAND_ID161=""
   CONFIG_CN_SPEECH_COMMAND_ID162=""
   CONFIG_CN_SPEECH_COMMAND_ID163=""
   CONFIG_CN_SPEECH_COMMAND_ID164=""
   CONFIG_CN_SPEECH_COMMAND_ID165=""
   CONFIG_CN_SPEECH_COMMAND_ID166=""
   CONFIG_CN_SPEECH_COMMAND_ID167=""
   CONFIG_CN_SPEECH_COMMAND_ID168=""
   CONFIG_CN_SPEECH_COMMAND_ID169=""
   CONFIG_CN_SPEECH_COMMAND_ID16="zan ting bo fang"
   CONFIG_CN_SPEECH_COMMAND_ID170=""
   CONFIG_CN_SPEECH_COMMAND_ID171=""
   CONFIG_CN_SPEECH_COMMAND_ID172=""
   CONFIG_CN_SPEECH_COMMAND_ID173=""
   CONFIG_CN_SPEECH_COMMAND_ID174=""
   CONFIG_CN_SPEECH_COMMAND_ID175=""
   CONFIG_CN_SPEECH_COMMAND_ID176=""
   CONFIG_CN_SPEECH_COMMAND_ID177=""
   CONFIG_CN_SPEECH_COMMAND_ID178=""
   CONFIG_CN_SPEECH_COMMAND_ID179=""
   CONFIG_CN_SPEECH_COMMAND_ID17="ding shi yi xiao shi"
   CONFIG_CN_SPEECH_COMMAND_ID180=""
   CONFIG_CN_SPEECH_COMMAND_ID181=""
   CONFIG_CN_SPEECH_COMMAND_ID182=""
   CONFIG_CN_SPEECH_COMMAND_ID183=""
   CONFIG_CN_SPEECH_COMMAND_ID184=""
   CONFIG_CN_SPEECH_COMMAND_ID185=""
   CONFIG_CN_SPEECH_COMMAND_ID186=""
   CONFIG_CN_SPEECH_COMMAND_ID187=""
   CONFIG_CN_SPEECH_COMMAND_ID188=""
   CONFIG_CN_SPEECH_COMMAND_ID189=""
   CONFIG_CN_SPEECH_COMMAND_ID18="da kai dian deng"
   CONFIG_CN_SPEECH_COMMAND_ID190=""
   CONFIG_CN_SPEECH_COMMAND_ID191=""
   CONFIG_CN_SPEECH_COMMAND_ID192=""
   CONFIG_CN_SPEECH_COMMAND_ID193=""
   CONFIG_CN_SPEECH_COMMAND_ID194=""
   CONFIG_CN_SPEECH_COMMAND_ID195=""
   CONFIG_CN_SPEECH_COMMAND_ID196=""
   CONFIG_CN_SPEECH_COMMAND_ID197=""
   CONFIG_CN_SPEECH_COMMAND_ID198=""
   CONFIG_CN_SPEECH_COMMAND_ID199=""
   CONFIG_CN_SPEECH_COMMAND_ID19="guan bi dian deng"
   CONFIG_CN_SPEECH_COMMAND_ID1="guan bi kong tiao"
   CONFIG_CN_SPEECH_COMMAND_ID20=""
   CONFIG_CN_SPEECH_COMMAND_ID21=""
   CONFIG_CN_SPEECH_COMMAND_ID22=""
   CONFIG_CN_SPEECH_COMMAND_ID23=""
   CONFIG_CN_SPEECH_COMMAND_ID24=""
   CONFIG_CN_SPEECH_COMMAND_ID25=""
   CONFIG_CN_SPEECH_COMMAND_ID26=""
   CONFIG_CN_SPEECH_COMMAND_ID27=""
   CONFIG_CN_SPEECH_COMMAND_ID28=""
   CONFIG_CN_SPEECH_COMMAND_ID29=""
   CONFIG_CN_SPEECH_COMMAND_ID2="zeng da feng su"
   CONFIG_CN_SPEECH_COMMAND_ID30=""
   CONFIG_CN_SPEECH_COMMAND_ID31=""
   CONFIG_CN_SPEECH_COMMAND_ID32=""
   CONFIG_CN_SPEECH_COMMAND_ID33=""
   CONFIG_CN_SPEECH_COMMAND_ID34=""
   CONFIG_CN_SPEECH_COMMAND_ID35=""
   CONFIG_CN_SPEECH_COMMAND_ID36=""
   CONFIG_CN_SPEECH_COMMAND_ID37=""
   CONFIG_CN_SPEECH_COMMAND_ID38=""
   CONFIG_CN_SPEECH_COMMAND_ID39=""
   CONFIG_CN_SPEECH_COMMAND_ID3="jian xiao feng su"
   CONFIG_CN_SPEECH_COMMAND_ID40=""
   CONFIG_CN_SPEECH_COMMAND_ID41=""
   CONFIG_CN_SPEECH_COMMAND_ID42=""
   CONFIG_CN_SPEECH_COMMAND_ID43=""
   CONFIG_CN_SPEECH_COMMAND_ID44=""
   CONFIG_CN_SPEECH_COMMAND_ID45=""
   CONFIG_CN_SPEECH_COMMAND_ID46=""
   CONFIG_CN_SPEECH_COMMAND_ID47=""
   CONFIG_CN_SPEECH_COMMAND_ID48=""
   CONFIG_CN_SPEECH_COMMAND_ID49=""
   CONFIG_CN_SPEECH_COMMAND_ID4="sheng gao yi du"
   CONFIG_CN_SPEECH_COMMAND_ID50=""
   CONFIG_CN_SPEECH_COMMAND_ID51=""
   CONFIG_CN_SPEECH_COMMAND_ID52=""
   CONFIG_CN_SPEECH_COMMAND_ID53=""
   CONFIG_CN_SPEECH_COMMAND_ID54=""
   CONFIG_CN_SPEECH_COMMAND_ID55=""
   CONFIG_CN_SPEECH_COMMAND_ID56=""
   CONFIG_CN_SPEECH_COMMAND_ID57=""
   CONFIG_CN_SPEECH_COMMAND_ID58=""
   CONFIG_CN_SPEECH_COMMAND_ID59=""
   CONFIG_CN_SPEECH_COMMAND_ID5="jiang di yi du"
   CONFIG_CN_SPEECH_COMMAND_ID60=""
   CONFIG_CN_SPEECH_COMMAND_ID61=""
   CONFIG_CN_SPEECH_COMMAND_ID62=""
   CONFIG_CN_SPEECH_COMMAND_ID63=""
   CONFIG_CN_SPEECH_COMMAND_ID64=""
   CONFIG_CN_SPEECH_COMMAND_ID65=""
   CONFIG_CN_SPEECH_COMMAND_ID66=""
   CONFIG_CN_SPEECH_COMMAND_ID67=""
   CONFIG_CN_SPEECH_COMMAND_ID68=""
   CONFIG_CN_SPEECH_COMMAND_ID69=""
   CONFIG_CN_SPEECH_COMMAND_ID6="zhi re mo shi"
   CONFIG_CN_SPEECH_COMMAND_ID70=""
   CONFIG_CN_SPEECH_COMMAND_ID71=""
   CONFIG_CN_SPEECH_COMMAND_ID72=""
   CONFIG_CN_SPEECH_COMMAND_ID73=""
   CONFIG_CN_SPEECH_COMMAND_ID74=""
   CONFIG_CN_SPEECH_COMMAND_ID75=""
   CONFIG_CN_SPEECH_COMMAND_ID76=""
   CONFIG_CN_SPEECH_COMMAND_ID77=""
   CONFIG_CN_SPEECH_COMMAND_ID78=""
   CONFIG_CN_SPEECH_COMMAND_ID79=""
   CONFIG_CN_SPEECH_COMMAND_ID7="zhi leng mo shi"
   CONFIG_CN_SPEECH_COMMAND_ID80=""
   CONFIG_CN_SPEECH_COMMAND_ID81=""
   CONFIG_CN_SPEECH_COMMAND_ID82=""
   CONFIG_CN_SPEECH_COMMAND_ID83=""
   CONFIG_CN_SPEECH_COMMAND_ID84=""
   CONFIG_CN_SPEECH_COMMAND_ID85=""
   CONFIG_CN_SPEECH_COMMAND_ID86=""
   CONFIG_CN_SPEECH_COMMAND_ID87=""
   CONFIG_CN_SPEECH_COMMAND_ID88=""
   CONFIG_CN_SPEECH_COMMAND_ID89=""
   CONFIG_CN_SPEECH_COMMAND_ID8="song feng mo shi"
   CONFIG_CN_SPEECH_COMMAND_ID90=""
   CONFIG_CN_SPEECH_COMMAND_ID91=""
   CONFIG_CN_SPEECH_COMMAND_ID92=""
   CONFIG_CN_SPEECH_COMMAND_ID93=""
   CONFIG_CN_SPEECH_COMMAND_ID94=""
   CONFIG_CN_SPEECH_COMMAND_ID95=""
   CONFIG_CN_SPEECH_COMMAND_ID96=""
   CONFIG_CN_SPEECH_COMMAND_ID97=""
   CONFIG_CN_SPEECH_COMMAND_ID98=""
   CONFIG_CN_SPEECH_COMMAND_ID99=""
   CONFIG_CN_SPEECH_COMMAND_ID9="jie neng mo shi"
   CONFIG_COMPILER_FLOAT_LIB_FROM_GCCLIB=1
   CONFIG_COMPILER_HIDE_PATHS_MACROS=1
   CONFIG_COMPILER_OPTIMIZATION_ASSERTIONS_ENABLE=1
   CONFIG_COMPILER_OPTIMIZATION_ASSERTION_LEVEL=2
   CONFIG_COMPILER_OPTIMIZATION_DEFAULT=1
   CONFIG_COMPILER_OPTIMIZATION_LEVEL_DEBUG=CONFIG_COMPILER_OPTIMIZATION_DEFAULT
   CONFIG_COMPILER_STACK_CHECK_MODE_NONE=1
   CONFIG_CONSOLE_UART_NUM=CONFIG_ESP_CONSOLE_UART_NUM
   CONFIG_CU_DIAGNOSTICS_COLOR_ALWAYS=1
   CONFIG_DEFAULT_PSRAM_CLK_IO=30
   CONFIG_DEFAULT_PSRAM_CS_IO=26
   CONFIG_DSP_MAX_FFT_SIZE=4096
   CONFIG_DSP_MAX_FFT_SIZE_4096=1
   CONFIG_DSP_OPTIMIZATION=1
   CONFIG_DSP_OPTIMIZATIONS_SUPPORTED=1
   CONFIG_DSP_OPTIMIZED=1
   CONFIG_EFUSE_MAX_BLK_LEN=256
   CONFIG_ENV_GPIO_IN_RANGE_MAX=48
   CONFIG_ENV_GPIO_OUT_RANGE_MAX=48
   CONFIG_ENV_GPIO_RANGE_MAX=48
   CONFIG_ENV_GPIO_RANGE_MIN=0
   CONFIG_EN_SPEECH_COMMAND_ID0=""
   CONFIG_EN_SPEECH_COMMAND_ID100=""
   CONFIG_EN_SPEECH_COMMAND_ID101=""
   CONFIG_EN_SPEECH_COMMAND_ID102=""
   CONFIG_EN_SPEECH_COMMAND_ID103=""
   CONFIG_EN_SPEECH_COMMAND_ID104=""
   CONFIG_EN_SPEECH_COMMAND_ID105=""
   CONFIG_EN_SPEECH_COMMAND_ID106=""
   CONFIG_EN_SPEECH_COMMAND_ID107=""
   CONFIG_EN_SPEECH_COMMAND_ID108=""
   CONFIG_EN_SPEECH_COMMAND_ID109=""
   CONFIG_EN_SPEECH_COMMAND_ID10=""
   CONFIG_EN_SPEECH_COMMAND_ID110=""
   CONFIG_EN_SPEECH_COMMAND_ID111=""
   CONFIG_EN_SPEECH_COMMAND_ID112=""
   CONFIG_EN_SPEECH_COMMAND_ID113=""
   CONFIG_EN_SPEECH_COMMAND_ID114=""
   CONFIG_EN_SPEECH_COMMAND_ID115=""
   CONFIG_EN_SPEECH_COMMAND_ID116=""
   CONFIG_EN_SPEECH_COMMAND_ID117=""
   CONFIG_EN_SPEECH_COMMAND_ID118=""
   CONFIG_EN_SPEECH_COMMAND_ID119=""
   CONFIG_EN_SPEECH_COMMAND_ID11=""
   CONFIG_EN_SPEECH_COMMAND_ID120=""
   CONFIG_EN_SPEECH_COMMAND_ID121=""
   CONFIG_EN_SPEECH_COMMAND_ID122=""
   CONFIG_EN_SPEECH_COMMAND_ID123=""
   CONFIG_EN_SPEECH_COMMAND_ID124=""
   CONFIG_EN_SPEECH_COMMAND_ID125=""
   CONFIG_EN_SPEECH_COMMAND_ID126=""
   CONFIG_EN_SPEECH_COMMAND_ID127=""
   CONFIG_EN_SPEECH_COMMAND_ID128=""
   CONFIG_EN_SPEECH_COMMAND_ID129=""
   CONFIG_EN_SPEECH_COMMAND_ID12=""
   CONFIG_EN_SPEECH_COMMAND_ID130=""
   CONFIG_EN_SPEECH_COMMAND_ID131=""
   CONFIG_EN_SPEECH_COMMAND_ID132=""
   CONFIG_EN_SPEECH_COMMAND_ID133=""
   CONFIG_EN_SPEECH_COMMAND_ID134=""
   CONFIG_EN_SPEECH_COMMAND_ID135=""
   CONFIG_EN_SPEECH_COMMAND_ID136=""
   CONFIG_EN_SPEECH_COMMAND_ID137=""
   CONFIG_EN_SPEECH_COMMAND_ID138=""
   CONFIG_EN_SPEECH_COMMAND_ID139=""
   CONFIG_EN_SPEECH_COMMAND_ID13=""
   CONFIG_EN_SPEECH_COMMAND_ID140=""
   CONFIG_EN_SPEECH_COMMAND_ID141=""
   CONFIG_EN_SPEECH_COMMAND_ID142=""
   CONFIG_EN_SPEECH_COMMAND_ID143=""
   CONFIG_EN_SPEECH_COMMAND_ID144=""
   CONFIG_EN_SPEECH_COMMAND_ID145=""
   CONFIG_EN_SPEECH_COMMAND_ID146=""
   CONFIG_EN_SPEECH_COMMAND_ID147=""
   CONFIG_EN_SPEECH_COMMAND_ID148=""
   CONFIG_EN_SPEECH_COMMAND_ID149=""
   CONFIG_EN_SPEECH_COMMAND_ID14=""
   CONFIG_EN_SPEECH_COMMAND_ID150=""
   CONFIG_EN_SPEECH_COMMAND_ID151=""
   CONFIG_EN_SPEECH_COMMAND_ID152=""
   CONFIG_EN_SPEECH_COMMAND_ID153=""
   CONFIG_EN_SPEECH_COMMAND_ID154=""
   CONFIG_EN_SPEECH_COMMAND_ID155=""
   CONFIG_EN_SPEECH_COMMAND_ID156=""
   CONFIG_EN_SPEECH_COMMAND_ID157=""
   CONFIG_EN_SPEECH_COMMAND_ID158=""
   CONFIG_EN_SPEECH_COMMAND_ID159=""
   CONFIG_EN_SPEECH_COMMAND_ID15=""
   CONFIG_EN_SPEECH_COMMAND_ID160=""
   CONFIG_EN_SPEECH_COMMAND_ID161=""
   CONFIG_EN_SPEECH_COMMAND_ID162=""
   CONFIG_EN_SPEECH_COMMAND_ID163=""
   CONFIG_EN_SPEECH_COMMAND_ID164=""
   CONFIG_EN_SPEECH_COMMAND_ID165=""
   CONFIG_EN_SPEECH_COMMAND_ID166=""
   CONFIG_EN_SPEECH_COMMAND_ID167=""
   CONFIG_EN_SPEECH_COMMAND_ID168=""
   CONFIG_EN_SPEECH_COMMAND_ID169=""
   CONFIG_EN_SPEECH_COMMAND_ID16=""
   CONFIG_EN_SPEECH_COMMAND_ID170=""
   CONFIG_EN_SPEECH_COMMAND_ID171=""
   CONFIG_EN_SPEECH_COMMAND_ID172=""
   CONFIG_EN_SPEECH_COMMAND_ID173=""
   CONFIG_EN_SPEECH_COMMAND_ID174=""
   CONFIG_EN_SPEECH_COMMAND_ID175=""
   CONFIG_EN_SPEECH_COMMAND_ID176=""
   CONFIG_EN_SPEECH_COMMAND_ID177=""
   CONFIG_EN_SPEECH_COMMAND_ID178=""
   CONFIG_EN_SPEECH_COMMAND_ID179=""
   CONFIG_EN_SPEECH_COMMAND_ID17=""
   CONFIG_EN_SPEECH_COMMAND_ID180=""
   CONFIG_EN_SPEECH_COMMAND_ID181=""
   CONFIG_EN_SPEECH_COMMAND_ID182=""
   CONFIG_EN_SPEECH_COMMAND_ID183=""
   CONFIG_EN_SPEECH_COMMAND_ID184=""
   CONFIG_EN_SPEECH_COMMAND_ID185=""
   CONFIG_EN_SPEECH_COMMAND_ID186=""
   CONFIG_EN_SPEECH_COMMAND_ID187=""
   CONFIG_EN_SPEECH_COMMAND_ID188=""
   CONFIG_EN_SPEECH_COMMAND_ID189=""
   CONFIG_EN_SPEECH_COMMAND_ID18=""
   CONFIG_EN_SPEECH_COMMAND_ID190=""
   CONFIG_EN_SPEECH_COMMAND_ID191=""
   CONFIG_EN_SPEECH_COMMAND_ID192=""
   CONFIG_EN_SPEECH_COMMAND_ID193=""
   CONFIG_EN_SPEECH_COMMAND_ID194=""
   CONFIG_EN_SPEECH_COMMAND_ID195=""
   CONFIG_EN_SPEECH_COMMAND_ID196=""
   CONFIG_EN_SPEECH_COMMAND_ID197=""
   CONFIG_EN_SPEECH_COMMAND_ID198=""
   CONFIG_EN_SPEECH_COMMAND_ID199=""
   CONFIG_EN_SPEECH_COMMAND_ID19=""
   CONFIG_EN_SPEECH_COMMAND_ID1=""
   CONFIG_EN_SPEECH_COMMAND_ID20=""
   CONFIG_EN_SPEECH_COMMAND_ID21=""
   CONFIG_EN_SPEECH_COMMAND_ID22=""
   CONFIG_EN_SPEECH_COMMAND_ID23=""
   CONFIG_EN_SPEECH_COMMAND_ID24=""
   CONFIG_EN_SPEECH_COMMAND_ID25=""
   CONFIG_EN_SPEECH_COMMAND_ID26=""
   CONFIG_EN_SPEECH_COMMAND_ID27=""
   CONFIG_EN_SPEECH_COMMAND_ID28=""
   CONFIG_EN_SPEECH_COMMAND_ID29=""
   CONFIG_EN_SPEECH_COMMAND_ID2=""
   CONFIG_EN_SPEECH_COMMAND_ID30=""
   CONFIG_EN_SPEECH_COMMAND_ID31=""
   CONFIG_EN_SPEECH_COMMAND_ID32=""
   CONFIG_EN_SPEECH_COMMAND_ID33=""
   CONFIG_EN_SPEECH_COMMAND_ID34=""
   CONFIG_EN_SPEECH_COMMAND_ID35=""
   CONFIG_EN_SPEECH_COMMAND_ID36=""
   CONFIG_EN_SPEECH_COMMAND_ID37=""
   CONFIG_EN_SPEECH_COMMAND_ID38=""
   CONFIG_EN_SPEECH_COMMAND_ID39=""
   CONFIG_EN_SPEECH_COMMAND_ID3=""
   CONFIG_EN_SPEECH_COMMAND_ID40=""
   CONFIG_EN_SPEECH_COMMAND_ID41=""
   CONFIG_EN_SPEECH_COMMAND_ID42=""
   CONFIG_EN_SPEECH_COMMAND_ID43=""
   CONFIG_EN_SPEECH_COMMAND_ID44=""
   CONFIG_EN_SPEECH_COMMAND_ID45=""
   CONFIG_EN_SPEECH_COMMAND_ID46=""
   CONFIG_EN_SPEECH_COMMAND_ID47=""
   CONFIG_EN_SPEECH_COMMAND_ID48=""
   CONFIG_EN_SPEECH_COMMAND_ID49=""
   CONFIG_EN_SPEECH_COMMAND_ID4=""
   CONFIG_EN_SPEECH_COMMAND_ID50=""
   CONFIG_EN_SPEECH_COMMAND_ID51=""
   CONFIG_EN_SPEECH_COMMAND_ID52=""
   CONFIG_EN_SPEECH_COMMAND_ID53=""
   CONFIG_EN_SPEECH_COMMAND_ID54=""
   CONFIG_EN_SPEECH_COMMAND_ID55=""
   CONFIG_EN_SPEECH_COMMAND_ID56=""
   CONFIG_EN_SPEECH_COMMAND_ID57=""
   CONFIG_EN_SPEECH_COMMAND_ID58=""
   CONFIG_EN_SPEECH_COMMAND_ID59=""
   CONFIG_EN_SPEECH_COMMAND_ID5=""
   CONFIG_EN_SPEECH_COMMAND_ID60=""
   CONFIG_EN_SPEECH_COMMAND_ID61=""
   CONFIG_EN_SPEECH_COMMAND_ID62=""
   CONFIG_EN_SPEECH_COMMAND_ID63=""
   CONFIG_EN_SPEECH_COMMAND_ID64=""
   CONFIG_EN_SPEECH_COMMAND_ID65=""
   CONFIG_EN_SPEECH_COMMAND_ID66=""
   CONFIG_EN_SPEECH_COMMAND_ID67=""
   CONFIG_EN_SPEECH_COMMAND_ID68=""
   CONFIG_EN_SPEECH_COMMAND_ID69=""
   CONFIG_EN_SPEECH_COMMAND_ID6=""
   CONFIG_EN_SPEECH_COMMAND_ID70=""
   CONFIG_EN_SPEECH_COMMAND_ID71=""
   CONFIG_EN_SPEECH_COMMAND_ID72=""
   CONFIG_EN_SPEECH_COMMAND_ID73=""
   CONFIG_EN_SPEECH_COMMAND_ID74=""
   CONFIG_EN_SPEECH_COMMAND_ID75=""
   CONFIG_EN_SPEECH_COMMAND_ID76=""
   CONFIG_EN_SPEECH_COMMAND_ID77=""
   CONFIG_EN_SPEECH_COMMAND_ID78=""
   CONFIG_EN_SPEECH_COMMAND_ID79=""
   CONFIG_EN_SPEECH_COMMAND_ID7=""
   CONFIG_EN_SPEECH_COMMAND_ID80=""
   CONFIG_EN_SPEECH_COMMAND_ID81=""
   CONFIG_EN_SPEECH_COMMAND_ID82=""
   CONFIG_EN_SPEECH_COMMAND_ID83=""
   CONFIG_EN_SPEECH_COMMAND_ID84=""
   CONFIG_EN_SPEECH_COMMAND_ID85=""
   CONFIG_EN_SPEECH_COMMAND_ID86=""
   CONFIG_EN_SPEECH_COMMAND_ID87=""
   CONFIG_EN_SPEECH_COMMAND_ID88=""
   CONFIG_EN_SPEECH_COMMAND_ID89=""
   CONFIG_EN_SPEECH_COMMAND_ID8=""
   CONFIG_EN_SPEECH_COMMAND_ID90=""
   CONFIG_EN_SPEECH_COMMAND_ID91=""
   CONFIG_EN_SPEECH_COMMAND_ID92=""
   CONFIG_EN_SPEECH_COMMAND_ID93=""
   CONFIG_EN_SPEECH_COMMAND_ID94=""
   CONFIG_EN_SPEECH_COMMAND_ID95=""
   CONFIG_EN_SPEECH_COMMAND_ID96=""
   CONFIG_EN_SPEECH_COMMAND_ID97=""
   CONFIG_EN_SPEECH_COMMAND_ID98=""
   CONFIG_EN_SPEECH_COMMAND_ID99=""
   CONFIG_EN_SPEECH_COMMAND_ID9=""
   CONFIG_ESP32S3_BROWNOUT_DET=CONFIG_ESP_BROWNOUT_DET
   CONFIG_ESP32S3_BROWNOUT_DET_LVL=CONFIG_ESP_BROWNOUT_DET_LVL
   CONFIG_ESP32S3_BROWNOUT_DET_LVL_SEL_7=CONFIG_ESP_BROWNOUT_DET_LVL_SEL_7
   CONFIG_ESP32S3_DATA_CACHE_64KB=1
   CONFIG_ESP32S3_DATA_CACHE_8WAYS=1
   CONFIG_ESP32S3_DATA_CACHE_LINE_64B=1
   CONFIG_ESP32S3_DATA_CACHE_LINE_SIZE=64
   CONFIG_ESP32S3_DATA_CACHE_SIZE=0x10000
   CONFIG_ESP32S3_DCACHE_ASSOCIATED_WAYS=8
   CONFIG_ESP32S3_DEBUG_OCDAWARE=CONFIG_ESP_DEBUG_OCDAWARE
   CONFIG_ESP32S3_DEEP_SLEEP_WAKEUP_DELAY=CONFIG_ESP_SLEEP_DEEP_SLEEP_WAKEUP_DELAY
   CONFIG_ESP32S3_DEFAULT_CPU_FREQ_240=CONFIG_ESP_DEFAULT_CPU_FREQ_MHZ_240
   CONFIG_ESP32S3_DEFAULT_CPU_FREQ_MHZ=CONFIG_ESP_DEFAULT_CPU_FREQ_MHZ
   CONFIG_ESP32S3_ICACHE_ASSOCIATED_WAYS=8
   CONFIG_ESP32S3_INSTRUCTION_CACHE_32KB=1
   CONFIG_ESP32S3_INSTRUCTION_CACHE_8WAYS=1
   CONFIG_ESP32S3_INSTRUCTION_CACHE_LINE_32B=1
   CONFIG_ESP32S3_INSTRUCTION_CACHE_LINE_SIZE=32
   CONFIG_ESP32S3_INSTRUCTION_CACHE_SIZE=0x8000
   CONFIG_ESP32S3_RTC_CLK_CAL_CYCLES=CONFIG_RTC_CLK_CAL_CYCLES
   CONFIG_ESP32S3_RTC_CLK_SRC_INT_RC=CONFIG_RTC_CLK_SRC_INT_RC
   CONFIG_ESP32S3_SPIRAM_SUPPORT=CONFIG_SPIRAM
   CONFIG_ESP32S3_TIME_SYSCALL_USE_RTC_FRC1=CONFIG_NEWLIB_TIME_SYSCALL_USE_RTC_HRT
   CONFIG_ESP32S3_TIME_SYSCALL_USE_RTC_SYSTIMER=CONFIG_NEWLIB_TIME_SYSCALL_USE_RTC_HRT
   CONFIG_ESP32S3_TRACEMEM_RESERVE_DRAM=0x0
   CONFIG_ESP32S3_UNIVERSAL_MAC_ADDRESSES=4
   CONFIG_ESP32S3_UNIVERSAL_MAC_ADDRESSES_FOUR=1
   CONFIG_ESP32_APPTRACE_DEST_NONE=CONFIG_APPTRACE_DEST_NONE
   CONFIG_ESP32_APPTRACE_ENABLE=CONFIG_APPTRACE_ENABLE
   CONFIG_ESP32_APPTRACE_LOCK_ENABLE=CONFIG_APPTRACE_LOCK_ENABLE
   CONFIG_ESP32_APPTRACE_ONPANIC_HOST_FLUSH_TMO=CONFIG_APPTRACE_ONPANIC_HOST_FLUSH_TMO
   CONFIG_ESP32_APPTRACE_POSTMORTEM_FLUSH_TRAX_THRESH=CONFIG_APPTRACE_POSTMORTEM_FLUSH_THRESH
   CONFIG_ESP32_COREDUMP_CHECKSUM_CRC32=CONFIG_ESP_COREDUMP_CHECKSUM_CRC32
   CONFIG_ESP32_COREDUMP_DATA_FORMAT_ELF=CONFIG_ESP_COREDUMP_DATA_FORMAT_ELF
   CONFIG_ESP32_CORE_DUMP_DECODE=CONFIG_ESP_COREDUMP_DECODE
   CONFIG_ESP32_CORE_DUMP_DECODE_INFO=CONFIG_ESP_COREDUMP_DECODE_INFO
   CONFIG_ESP32_CORE_DUMP_MAX_TASKS_NUM=CONFIG_ESP_COREDUMP_MAX_TASKS_NUM
   CONFIG_ESP32_CORE_DUMP_STACK_SIZE=CONFIG_ESP_COREDUMP_STACK_SIZE
   CONFIG_ESP32_CORE_DUMP_UART_DELAY=CONFIG_ESP_COREDUMP_UART_DELAY
   CONFIG_ESP32_DEFAULT_PTHREAD_CORE_NO_AFFINITY=CONFIG_PTHREAD_DEFAULT_CORE_NO_AFFINITY
   CONFIG_ESP32_ENABLE_COREDUMP=CONFIG_ESP_COREDUMP_ENABLE
   CONFIG_ESP32_ENABLE_COREDUMP_TO_UART=CONFIG_ESP_COREDUMP_ENABLE_TO_UART
   CONFIG_ESP32_PHY_CALIBRATION_AND_DATA_STORAGE=CONFIG_ESP_PHY_CALIBRATION_AND_DATA_STORAGE
   CONFIG_ESP32_PHY_MAX_TX_POWER=CONFIG_ESP_PHY_MAX_TX_POWER
   CONFIG_ESP32_PHY_MAX_WIFI_TX_POWER=CONFIG_ESP_PHY_MAX_WIFI_TX_POWER
   CONFIG_ESP32_PTHREAD_STACK_MIN=CONFIG_PTHREAD_STACK_MIN
   CONFIG_ESP32_PTHREAD_TASK_CORE_DEFAULT=CONFIG_PTHREAD_TASK_CORE_DEFAULT
   CONFIG_ESP32_PTHREAD_TASK_NAME_DEFAULT=CONFIG_PTHREAD_TASK_NAME_DEFAULT
   CONFIG_ESP32_PTHREAD_TASK_PRIO_DEFAULT=CONFIG_PTHREAD_TASK_PRIO_DEFAULT
   CONFIG_ESP32_PTHREAD_TASK_STACK_SIZE_DEFAULT=CONFIG_PTHREAD_TASK_STACK_SIZE_DEFAULT
   CONFIG_ESP32_REDUCE_PHY_TX_POWER=CONFIG_ESP_PHY_REDUCE_TX_POWER
   CONFIG_ESP32_WIFI_AMPDU_RX_ENABLED=1
   CONFIG_ESP32_WIFI_AMPDU_TX_ENABLED=1
   CONFIG_ESP32_WIFI_AMSDU_TX_ENABLED=1
   CONFIG_ESP32_WIFI_CACHE_TX_BUFFER_NUM=16
   CONFIG_ESP32_WIFI_DYNAMIC_RX_BUFFER_NUM=4
   CONFIG_ESP32_WIFI_ENABLED=1
   CONFIG_ESP32_WIFI_ENABLE_WPA3_OWE_STA=1
   CONFIG_ESP32_WIFI_ENABLE_WPA3_SAE=1
   CONFIG_ESP32_WIFI_MGMT_SBUF_NUM=32
   CONFIG_ESP32_WIFI_NVS_ENABLED=1
   CONFIG_ESP32_WIFI_RX_BA_WIN=4
   CONFIG_ESP32_WIFI_SOFTAP_BEACON_MAX_LEN=752
   CONFIG_ESP32_WIFI_STATIC_RX_BUFFER_NUM=3
   CONFIG_ESP32_WIFI_STATIC_TX_BUFFER=1
   CONFIG_ESP32_WIFI_STATIC_TX_BUFFER_NUM=4
   CONFIG_ESP32_WIFI_TASK_PINNED_TO_CORE_0=1
   CONFIG_ESP32_WIFI_TX_BA_WIN=4
   CONFIG_ESP32_WIFI_TX_BUFFER_TYPE=0
   CONFIG_ESPTOOLPY_AFTER="hard_reset"
   CONFIG_ESPTOOLPY_AFTER_RESET=1
   CONFIG_ESPTOOLPY_BEFORE="default_reset"
   CONFIG_ESPTOOLPY_BEFORE_RESET=1
   CONFIG_ESPTOOLPY_FLASHFREQ="80m"
   CONFIG_ESPTOOLPY_FLASHFREQ_80M=1
   CONFIG_ESPTOOLPY_FLASHMODE="dio"
   CONFIG_ESPTOOLPY_FLASHMODE_QIO=1
   CONFIG_ESPTOOLPY_FLASHSIZE="16MB"
   CONFIG_ESPTOOLPY_FLASHSIZE_16MB=1
   CONFIG_ESPTOOLPY_FLASH_SAMPLE_MODE_STR=1
   CONFIG_ESPTOOLPY_MONITOR_BAUD=115200
   CONFIG_ESP_BROWNOUT_DET=1
   CONFIG_ESP_BROWNOUT_DET_LVL=7
   CONFIG_ESP_BROWNOUT_DET_LVL_SEL_7=1
   CONFIG_ESP_CONSOLE_MULTIPLE_UART=1
   CONFIG_ESP_CONSOLE_SECONDARY_NONE=1
   CONFIG_ESP_CONSOLE_UART_NUM=-1
   CONFIG_ESP_CONSOLE_USB_SERIAL_JTAG=1
   CONFIG_ESP_COREDUMP_CHECKSUM_CRC32=1
   CONFIG_ESP_COREDUMP_DATA_FORMAT_ELF=1
   CONFIG_ESP_COREDUMP_DECODE="info"
   CONFIG_ESP_COREDUMP_DECODE_INFO=1
   CONFIG_ESP_COREDUMP_ENABLE=1
   CONFIG_ESP_COREDUMP_ENABLE_TO_UART=1
   CONFIG_ESP_COREDUMP_MAX_TASKS_NUM=64
   CONFIG_ESP_COREDUMP_STACK_SIZE=0
   CONFIG_ESP_COREDUMP_UART_DELAY=4000
   CONFIG_ESP_DEBUG_OCDAWARE=1
   CONFIG_ESP_DEFAULT_CPU_FREQ_MHZ=240
   CONFIG_ESP_DEFAULT_CPU_FREQ_MHZ_240=1
   CONFIG_ESP_EVENT_POST_FROM_IRAM_ISR=1
   CONFIG_ESP_EVENT_POST_FROM_ISR=1
   CONFIG_ESP_GRATUITOUS_ARP=CONFIG_LWIP_ESP_GRATUITOUS_ARP
   CONFIG_ESP_HTTP_CLIENT_ENABLE_HTTPS=1
   CONFIG_ESP_INT_WDT=1
   CONFIG_ESP_INT_WDT_CHECK_CPU1=1
   CONFIG_ESP_INT_WDT_TIMEOUT_MS=300
   CONFIG_ESP_IPC_ISR_ENABLE=1
   CONFIG_ESP_IPC_TASK_STACK_SIZE=2048
   CONFIG_ESP_IPC_USES_CALLERS_PRIORITY=1
   CONFIG_ESP_LCD_TOUCH_MAX_BUTTONS=1
   CONFIG_ESP_LCD_TOUCH_MAX_POINTS=5
   CONFIG_ESP_MAC_ADDR_UNIVERSE_BT=1
   CONFIG_ESP_MAC_ADDR_UNIVERSE_ETH=1
   CONFIG_ESP_MAC_ADDR_UNIVERSE_WIFI_AP=1
   CONFIG_ESP_MAC_ADDR_UNIVERSE_WIFI_STA=1
   CONFIG_ESP_MAIN_TASK_AFFINITY=0x0
   CONFIG_ESP_MAIN_TASK_AFFINITY_CPU0=1
   CONFIG_ESP_MAIN_TASK_STACK_SIZE=3584
   CONFIG_ESP_MINIMAL_SHARED_STACK_SIZE=2048
   CONFIG_ESP_NETIF_IP_LOST_TIMER_INTERVAL=120
   CONFIG_ESP_NETIF_TCPIP_LWIP=1
   CONFIG_ESP_PHY_CALIBRATION_AND_DATA_STORAGE=1
   CONFIG_ESP_PHY_ENABLE_USB=1
   CONFIG_ESP_PHY_MAX_TX_POWER=20
   CONFIG_ESP_PHY_MAX_WIFI_TX_POWER=20
   CONFIG_ESP_PHY_REDUCE_TX_POWER=1
   CONFIG_ESP_PROTOCOMM_SUPPORT_SECURITY_VERSION_0=1
   CONFIG_ESP_PROTOCOMM_SUPPORT_SECURITY_VERSION_1=1
   CONFIG_ESP_PROTOCOMM_SUPPORT_SECURITY_VERSION_2=1
   CONFIG_ESP_ROM_GET_CLK_FREQ=1
   CONFIG_ESP_ROM_HAS_CRC_BE=1
   CONFIG_ESP_ROM_HAS_CRC_LE=1
   CONFIG_ESP_ROM_HAS_ERASE_0_REGION_BUG=1
   CONFIG_ESP_ROM_HAS_HAL_WDT=1
   CONFIG_ESP_ROM_HAS_JPEG_DECODE=1
   CONFIG_ESP_ROM_HAS_RETARGETABLE_LOCKING=1
   CONFIG_ESP_ROM_NEEDS_SWSETUP_WORKAROUND=1
   CONFIG_ESP_ROM_SUPPORT_MULTIPLE_UART=1
   CONFIG_ESP_ROM_UART_CLK_IS_XTAL=1
   CONFIG_ESP_ROM_USB_SERIAL_DEVICE_NUM=4
   CONFIG_ESP_SLEEP_DEEP_SLEEP_WAKEUP_DELAY=2000
   CONFIG_ESP_SLEEP_FLASH_LEAKAGE_WORKAROUND=1
   CONFIG_ESP_SLEEP_GPIO_RESET_WORKAROUND=1
   CONFIG_ESP_SLEEP_MSPI_NEED_ALL_IO_PU=1
   CONFIG_ESP_SLEEP_PSRAM_LEAKAGE_WORKAROUND=1
   CONFIG_ESP_SLEEP_RTC_BUS_ISO_WORKAROUND=1
   CONFIG_ESP_SYSTEM_ALLOW_RTC_FAST_MEM_AS_HEAP=1
   CONFIG_ESP_SYSTEM_BROWNOUT_INTR=1
   CONFIG_ESP_SYSTEM_CHECK_INT_LEVEL_4=1
   CONFIG_ESP_SYSTEM_EVENT_QUEUE_SIZE=32
   CONFIG_ESP_SYSTEM_EVENT_TASK_STACK_SIZE=2304
   CONFIG_ESP_SYSTEM_MEMPROT_FEATURE=1
   CONFIG_ESP_SYSTEM_MEMPROT_FEATURE_LOCK=1
   CONFIG_ESP_SYSTEM_PANIC_PRINT_REBOOT=1
   CONFIG_ESP_SYSTEM_PM_POWER_DOWN_CPU=CONFIG_PM_POWER_DOWN_CPU_IN_LIGHT_SLEEP
   CONFIG_ESP_SYSTEM_RTC_FAST_MEM_AS_HEAP_DEPCHECK=1
   CONFIG_ESP_TASK_WDT=1
   CONFIG_ESP_TASK_WDT_CHECK_IDLE_TASK_CPU0=1
   CONFIG_ESP_TASK_WDT_CHECK_IDLE_TASK_CPU1=1
   CONFIG_ESP_TASK_WDT_TIMEOUT_S=7
   CONFIG_ESP_TIMER_IMPL_SYSTIMER=1
   CONFIG_ESP_TIMER_INTERRUPT_LEVEL=1
   CONFIG_ESP_TIMER_TASK_STACK_SIZE=3584
   CONFIG_ESP_TIME_FUNCS_USE_ESP_TIMER=1
   CONFIG_ESP_TIME_FUNCS_USE_RTC_TIMER=1
   CONFIG_ESP_TLS_USE_DS_PERIPHERAL=1
   CONFIG_ESP_TLS_USING_MBEDTLS=1
   CONFIG_ESP_WIFI_PASSWORD="Inn0wifi!"
   CONFIG_ESP_WIFI_SOFTAP_SUPPORT=1
   CONFIG_ESP_WIFI_SSID="innowifi"
   CONFIG_ESP_WIFI_STA_DISCONNECTED_PM_ENABLE=1
   CONFIG_ETH_ENABLED=1
   CONFIG_ETH_USE_SPI_ETHERNET=1
   CONFIG_EXAMPLE_WIFI_AUTH_OPEN=1
   CONFIG_EXAMPLE_WIFI_CONNECT_AP_BY_SIGNAL=1
   CONFIG_EXAMPLE_WIFI_SCAN_METHOD_ALL_CHANNEL=1
   CONFIG_EXAMPLE_WIFI_SCAN_RSSI_THRESHOLD=-127
   CONFIG_FATFS_ALLOC_PREFER_EXTRAM=1
   CONFIG_FATFS_AUTO_TYPE=1
   CONFIG_FATFS_CODEPAGE=437
   CONFIG_FATFS_CODEPAGE_437=1
   CONFIG_FATFS_FS_LOCK=0
   CONFIG_FATFS_LFN_NONE=1
   CONFIG_FATFS_PER_FILE_CACHE=1
   CONFIG_FATFS_SECTORS_PER_CLUSTER_1=1
   CONFIG_FATFS_SECTOR_4096=1
   CONFIG_FATFS_TIMEOUT_MS=10000
   CONFIG_FATFS_VOLUME_COUNT=2
   CONFIG_FLASHMODE_QIO=CONFIG_ESPTOOLPY_FLASHMODE_QIO
   CONFIG_FREERTOS_ASSERT_ON_UNTESTED_FUNCTION=1
   CONFIG_FREERTOS_CHECK_MUTEX_GIVEN_BY_OWNER=1
   CONFIG_FREERTOS_CHECK_STACKOVERFLOW_CANARY=1
   CONFIG_FREERTOS_CORETIMER_SYSTIMER_LVL1=1
   CONFIG_FREERTOS_DEBUG_OCDAWARE=1
   CONFIG_FREERTOS_ENABLE_TASK_SNAPSHOT=1
   CONFIG_FREERTOS_GENERATE_RUN_TIME_STATS=1
   CONFIG_FREERTOS_HZ=1000
   CONFIG_FREERTOS_IDLE_TASK_STACKSIZE=1536
   CONFIG_FREERTOS_INTERRUPT_BACKTRACE=1
   CONFIG_FREERTOS_ISR_STACKSIZE=2096
   CONFIG_FREERTOS_MAX_TASK_NAME_LEN=16
   CONFIG_FREERTOS_NO_AFFINITY=0x7FFFFFFF
   CONFIG_FREERTOS_PLACE_FUNCTIONS_INTO_FLASH=1
   CONFIG_FREERTOS_PLACE_SNAPSHOT_FUNS_INTO_FLASH=1
   CONFIG_FREERTOS_QUEUE_REGISTRY_SIZE=0
   CONFIG_FREERTOS_RUN_TIME_STATS_USING_ESP_TIMER=1
   CONFIG_FREERTOS_SUPPORT_STATIC_ALLOCATION=1
   CONFIG_FREERTOS_SYSTICK_USES_SYSTIMER=1
   CONFIG_FREERTOS_TASK_FUNCTION_WRAPPER=1
   CONFIG_FREERTOS_THREAD_LOCAL_STORAGE_POINTERS=1
   CONFIG_FREERTOS_TICK_SUPPORT_SYSTIMER=1
   CONFIG_FREERTOS_TIMER_QUEUE_LENGTH=10
   CONFIG_FREERTOS_TIMER_TASK_PRIORITY=1
   CONFIG_FREERTOS_TIMER_TASK_STACK_DEPTH=3120
   CONFIG_FREERTOS_USE_STATS_FORMATTING_FUNCTIONS=1
   CONFIG_FREERTOS_USE_TRACE_FACILITY=1
   CONFIG_FREERTOS_VTASKLIST_INCLUDE_COREID=1
   CONFIG_GARP_TMR_INTERVAL=CONFIG_LWIP_GARP_TMR_INTERVAL
   CONFIG_HAL_ASSERTION_EQUALS_SYSTEM=1
   CONFIG_HAL_DEFAULT_ASSERTION_LEVEL=2
   CONFIG_HAL_WDT_USE_ROM_IMPL=1
   CONFIG_HEAP_ABORT_WHEN_ALLOCATION_FAILS=1
   CONFIG_HEAP_POISONING_COMPREHENSIVE=1
   CONFIG_HEAP_TASK_TRACKING=1
   CONFIG_HEAP_TRACING=1
   CONFIG_HEAP_TRACING_STACK_DEPTH=2
   CONFIG_HEAP_TRACING_STANDALONE=1
   CONFIG_HTTPD_ERR_RESP_NO_DELAY=1
   CONFIG_HTTPD_MAX_REQ_HDR_LEN=512
   CONFIG_HTTPD_MAX_URI_LEN=512
   CONFIG_HTTPD_PURGE_BUF_LEN=32
   CONFIG_IDF_CMAKE=1
   CONFIG_IDF_FIRMWARE_CHIP_ID=0x0009
   CONFIG_IDF_TARGET="esp32s3"
   CONFIG_IDF_TARGET_ARCH="xtensa"
   CONFIG_IDF_TARGET_ARCH_XTENSA=1
   CONFIG_IDF_TARGET_ESP32S3=1
   CONFIG_INNO_CONNECT_WIFI=1
   CONFIG_INNO_WIFI_CONN_MAX_RETRY=6
   CONFIG_INNO_WIFI_PASSWORD0="Inn0wifi!"
   CONFIG_INNO_WIFI_PASSWORD1="Smart@$2021+!"
   CONFIG_INNO_WIFI_PASSWORD2="mypassword"
   CONFIG_INNO_WIFI_SSID0="innowf"
   CONFIG_INNO_WIFI_SSID1="VAS_smart"
   CONFIG_INNO_WIFI_SSID2="myssid"
   CONFIG_INT_WDT=CONFIG_ESP_INT_WDT
   CONFIG_INT_WDT_CHECK_CPU1=CONFIG_ESP_INT_WDT_CHECK_CPU1
   CONFIG_INT_WDT_TIMEOUT_MS=CONFIG_ESP_INT_WDT_TIMEOUT_MS
   CONFIG_IPC_TASK_STACK_SIZE=CONFIG_ESP_IPC_TASK_STACK_SIZE
   CONFIG_LCD_ENABLE_DEBUG_LOG=1
   CONFIG_LCD_PANEL_IO_FORMAT_BUF_SIZE=32
   CONFIG_LOG_BOOTLOADER_LEVEL=CONFIG_BOOTLOADER_LOG_LEVEL
   CONFIG_LOG_BOOTLOADER_LEVEL_INFO=CONFIG_BOOTLOADER_LOG_LEVEL_INFO
   CONFIG_LOG_COLORS=1
   CONFIG_LOG_DEFAULT_LEVEL=4
   CONFIG_LOG_DEFAULT_LEVEL_DEBUG=1
   CONFIG_LOG_MAXIMUM_EQUALS_DEFAULT=1
   CONFIG_LOG_MAXIMUM_LEVEL=4
   CONFIG_LOG_TIMESTAMP_SOURCE_RTOS=1
   CONFIG_LV_ASSERT_HANDLER_INCLUDE="assert.h"
   CONFIG_LV_ATTRIBUTE_MEM_ALIGN_SIZE=1
   CONFIG_LV_BUILD_EXAMPLES=1
   CONFIG_LV_CIRCLE_CACHE_SIZE=4
   CONFIG_LV_COLOR_16_SWAP=1
   CONFIG_LV_COLOR_CHROMA_KEY_HEX=0x00FF00
   CONFIG_LV_COLOR_DEPTH=16
   CONFIG_LV_COLOR_DEPTH_16=1
   CONFIG_LV_COLOR_MIX_ROUND_OFS=128
   CONFIG_LV_CONF_SKIP=1
   CONFIG_LV_DISP_DEF_REFR_PERIOD=30
   CONFIG_LV_DISP_ROT_MAX_BUF=10240
   CONFIG_LV_DPI_DEF=130
   CONFIG_LV_DRAW_COMPLEX=1
   CONFIG_LV_FONT_DEFAULT_MONTSERRAT_14=1
   CONFIG_LV_FONT_FMT_TXT_LARGE=1
   CONFIG_LV_FONT_MONTSERRAT_14=1
   CONFIG_LV_FONT_MONTSERRAT_16=1
   CONFIG_LV_FONT_MONTSERRAT_24=1
   CONFIG_LV_FONT_MONTSERRAT_32=1
   CONFIG_LV_FONT_MONTSERRAT_48=1
   CONFIG_LV_GRADIENT_MAX_STOPS=2
   CONFIG_LV_GRAD_CACHE_DEF_SIZE=0
   CONFIG_LV_IMG_CACHE_DEF_SIZE=0
   CONFIG_LV_INDEV_DEF_READ_PERIOD=30
   CONFIG_LV_LABEL_LONG_TXT_HINT=1
   CONFIG_LV_LABEL_TEXT_SELECTION=1
   CONFIG_LV_LAYER_SIMPLE_BUF_SIZE=24576
   CONFIG_LV_MEM_BUF_MAX_NUM=16
   CONFIG_LV_MEM_CUSTOM=1
   CONFIG_LV_MEM_CUSTOM_INCLUDE="stdlib.h"
   CONFIG_LV_ROLLER_INF_PAGES=7
   CONFIG_LV_SHADOW_CACHE_SIZE=0
   CONFIG_LV_SPAN_SNIPPET_STACK_SIZE=64
   CONFIG_LV_TEXTAREA_DEF_PWD_SHOW_TIME=1500
   CONFIG_LV_THEME_DEFAULT_GROW=1
   CONFIG_LV_THEME_DEFAULT_TRANSITION_TIME=80
   CONFIG_LV_TXT_BREAK_CHARS=" ,.;:-_"
   CONFIG_LV_TXT_COLOR_CMD="#"
   CONFIG_LV_TXT_ENC_UTF8=1
   CONFIG_LV_TXT_LINE_BREAK_LONG_LEN=0
   CONFIG_LV_USE_ANIMIMG=1
   CONFIG_LV_USE_ARC=1
   CONFIG_LV_USE_ASSERT_MALLOC=1
   CONFIG_LV_USE_ASSERT_NULL=1
   CONFIG_LV_USE_BAR=1
   CONFIG_LV_USE_BTN=1
   CONFIG_LV_USE_BTNMATRIX=1
   CONFIG_LV_USE_CALENDAR=1
   CONFIG_LV_USE_CALENDAR_HEADER_ARROW=1
   CONFIG_LV_USE_CALENDAR_HEADER_DROPDOWN=1
   CONFIG_LV_USE_CANVAS=1
   CONFIG_LV_USE_CHART=1
   CONFIG_LV_USE_CHECKBOX=1
   CONFIG_LV_USE_COLORWHEEL=1
   CONFIG_LV_USE_DROPDOWN=1
   CONFIG_LV_USE_FLEX=1
   CONFIG_LV_USE_GRID=1
   CONFIG_LV_USE_IMG=1
   CONFIG_LV_USE_IMGBTN=1
   CONFIG_LV_USE_KEYBOARD=1
   CONFIG_LV_USE_LABEL=1
   CONFIG_LV_USE_LED=1
   CONFIG_LV_USE_LINE=1
   CONFIG_LV_USE_LIST=1
   CONFIG_LV_USE_MENU=1
   CONFIG_LV_USE_METER=1
   CONFIG_LV_USE_MSGBOX=1
   CONFIG_LV_USE_QRCODE=1
   CONFIG_LV_USE_ROLLER=1
   CONFIG_LV_USE_SLIDER=1
   CONFIG_LV_USE_SNAPSHOT=1
   CONFIG_LV_USE_SPAN=1
   CONFIG_LV_USE_SPINBOX=1
   CONFIG_LV_USE_SPINNER=1
   CONFIG_LV_USE_SWITCH=1
   CONFIG_LV_USE_TABLE=1
   CONFIG_LV_USE_TABVIEW=1
   CONFIG_LV_USE_TEXTAREA=1
   CONFIG_LV_USE_THEME_BASIC=1
   CONFIG_LV_USE_THEME_DEFAULT=1
   CONFIG_LV_USE_TILEVIEW=1
   CONFIG_LV_USE_USER_DATA=1
   CONFIG_LV_USE_WIN=1
   CONFIG_LWIP_BRIDGEIF_MAX_PORTS=7
   CONFIG_LWIP_CHECKSUM_CHECK_ICMP=1
   CONFIG_LWIP_DHCP_DISABLE_VENDOR_CLASS_ID=1
   CONFIG_LWIP_DHCP_DOES_ARP_CHECK=1
   CONFIG_LWIP_DHCP_OPTIONS_LEN=68
   CONFIG_LWIP_DNS_SUPPORT_MDNS_QUERIES=1
   CONFIG_LWIP_ESP_GRATUITOUS_ARP=1
   CONFIG_LWIP_ESP_LWIP_ASSERT=1
   CONFIG_LWIP_GARP_TMR_INTERVAL=60
   CONFIG_LWIP_HOOK_IP6_INPUT_NONE=1
   CONFIG_LWIP_HOOK_IP6_ROUTE_NONE=1
   CONFIG_LWIP_HOOK_ND6_GET_GW_NONE=1
   CONFIG_LWIP_HOOK_NETCONN_EXT_RESOLVE_NONE=1
   CONFIG_LWIP_HOOK_TCP_ISN_DEFAULT=1
   CONFIG_LWIP_IP4_FRAG=1
   CONFIG_LWIP_IP6_FRAG=1
   CONFIG_LWIP_IPV6=1
   CONFIG_LWIP_IPV6_MEMP_NUM_ND6_QUEUE=3
   CONFIG_LWIP_IPV6_ND6_NUM_NEIGHBORS=5
   CONFIG_LWIP_IPV6_NUM_ADDRESSES=3
   CONFIG_LWIP_LOCAL_HOSTNAME="espressif"
   CONFIG_LWIP_LOOPBACK_MAX_PBUFS=8
   CONFIG_LWIP_MAX_ACTIVE_TCP=16
   CONFIG_LWIP_MAX_LISTENING_TCP=16
   CONFIG_LWIP_MAX_RAW_PCBS=16
   CONFIG_LWIP_MAX_SOCKETS=10
   CONFIG_LWIP_MAX_UDP_PCBS=16
   CONFIG_LWIP_NETIF_LOOPBACK=1
   CONFIG_LWIP_NUM_NETIF_CLIENT_DATA=0
   CONFIG_LWIP_SNTP_MAX_SERVERS=1
   CONFIG_LWIP_SNTP_UPDATE_DELAY=3600000
   CONFIG_LWIP_SO_REUSE=1
   CONFIG_LWIP_SO_REUSE_RXTOALL=1
   CONFIG_LWIP_TCPIP_RECVMBOX_SIZE=16
   CONFIG_LWIP_TCPIP_TASK_AFFINITY=0x7FFFFFFF
   CONFIG_LWIP_TCPIP_TASK_AFFINITY_NO_AFFINITY=1
   CONFIG_LWIP_TCPIP_TASK_STACK_SIZE=3072
   CONFIG_LWIP_TCP_FIN_WAIT_TIMEOUT=20000
   CONFIG_LWIP_TCP_HIGH_SPEED_RETRANSMISSION=1
   CONFIG_LWIP_TCP_MAXRTX=12
   CONFIG_LWIP_TCP_MSL=60000
   CONFIG_LWIP_TCP_MSS=1440
   CONFIG_LWIP_TCP_OVERSIZE_MSS=1
   CONFIG_LWIP_TCP_QUEUE_OOSEQ=1
   CONFIG_LWIP_TCP_RECVMBOX_SIZE=6
   CONFIG_LWIP_TCP_RTO_TIME=1500
   CONFIG_LWIP_TCP_SND_BUF_DEFAULT=5744
   CONFIG_LWIP_TCP_SYNMAXRTX=12
   CONFIG_LWIP_TCP_TMR_INTERVAL=250
   CONFIG_LWIP_TCP_WND_DEFAULT=5744
   CONFIG_LWIP_TIMERS_ONDEMAND=1
   CONFIG_LWIP_UDP_RECVMBOX_SIZE=6
   CONFIG_MAIN_TASK_STACK_SIZE=CONFIG_ESP_MAIN_TASK_STACK_SIZE
   CONFIG_MBEDTLS_AES_C=1
   CONFIG_MBEDTLS_AES_USE_INTERRUPT=1
   CONFIG_MBEDTLS_ASYMMETRIC_CONTENT_LEN=1
   CONFIG_MBEDTLS_CCM_C=1
   CONFIG_MBEDTLS_CERTIFICATE_BUNDLE=1
   CONFIG_MBEDTLS_CERTIFICATE_BUNDLE_DEFAULT_FULL=1
   CONFIG_MBEDTLS_CERTIFICATE_BUNDLE_MAX_CERTS=200
   CONFIG_MBEDTLS_CLIENT_SSL_SESSION_TICKETS=1
   CONFIG_MBEDTLS_CMAC_C=1
   CONFIG_MBEDTLS_DYNAMIC_BUFFER=1
   CONFIG_MBEDTLS_DYNAMIC_FREE_CA_CERT=1
   CONFIG_MBEDTLS_DYNAMIC_FREE_CONFIG_DATA=1
   CONFIG_MBEDTLS_ECDH_C=1
   CONFIG_MBEDTLS_ECDH_LEGACY_CONTEXT=1
   CONFIG_MBEDTLS_ECDSA_C=1
   CONFIG_MBEDTLS_ECDSA_DETERMINISTIC=1
   CONFIG_MBEDTLS_ECP_C=1
   CONFIG_MBEDTLS_ECP_DP_BP256R1_ENABLED=1
   CONFIG_MBEDTLS_ECP_DP_BP384R1_ENABLED=1
   CONFIG_MBEDTLS_ECP_DP_BP512R1_ENABLED=1
   CONFIG_MBEDTLS_ECP_DP_CURVE25519_ENABLED=1
   CONFIG_MBEDTLS_ECP_DP_SECP192K1_ENABLED=1
   CONFIG_MBEDTLS_ECP_DP_SECP192R1_ENABLED=1
   CONFIG_MBEDTLS_ECP_DP_SECP224K1_ENABLED=1
   CONFIG_MBEDTLS_ECP_DP_SECP224R1_ENABLED=1
   CONFIG_MBEDTLS_ECP_DP_SECP256K1_ENABLED=1
   CONFIG_MBEDTLS_ECP_DP_SECP256R1_ENABLED=1
   CONFIG_MBEDTLS_ECP_DP_SECP384R1_ENABLED=1
   CONFIG_MBEDTLS_ECP_DP_SECP521R1_ENABLED=1
   CONFIG_MBEDTLS_ECP_NIST_OPTIM=1
   CONFIG_MBEDTLS_ECP_RESTARTABLE=1
   CONFIG_MBEDTLS_EXTERNAL_MEM_ALLOC=1
   CONFIG_MBEDTLS_GCM_C=1
   CONFIG_MBEDTLS_HARDWARE_AES=1
   CONFIG_MBEDTLS_HARDWARE_MPI=1
   CONFIG_MBEDTLS_HARDWARE_SHA=1
   CONFIG_MBEDTLS_HAVE_TIME=1
   CONFIG_MBEDTLS_KEY_EXCHANGE_ECDHE_ECDSA=1
   CONFIG_MBEDTLS_KEY_EXCHANGE_ECDHE_RSA=1
   CONFIG_MBEDTLS_KEY_EXCHANGE_ECDH_ECDSA=1
   CONFIG_MBEDTLS_KEY_EXCHANGE_ECDH_RSA=1
   CONFIG_MBEDTLS_KEY_EXCHANGE_ELLIPTIC_CURVE=1
   CONFIG_MBEDTLS_KEY_EXCHANGE_RSA=1
   CONFIG_MBEDTLS_MPI_USE_INTERRUPT=1
   CONFIG_MBEDTLS_PEM_PARSE_C=1
   CONFIG_MBEDTLS_PEM_WRITE_C=1
   CONFIG_MBEDTLS_ROM_MD5=1
   CONFIG_MBEDTLS_SERVER_SSL_SESSION_TICKETS=1
   CONFIG_MBEDTLS_SHA512_C=1
   CONFIG_MBEDTLS_SSL_ALPN=1
   CONFIG_MBEDTLS_SSL_IN_CONTENT_LEN=16384
   CONFIG_MBEDTLS_SSL_KEEP_PEER_CERTIFICATE=1
   CONFIG_MBEDTLS_SSL_OUT_CONTENT_LEN=4096
   CONFIG_MBEDTLS_SSL_PROTO_TLS1_2=1
   CONFIG_MBEDTLS_SSL_RENEGOTIATION=1
   CONFIG_MBEDTLS_TLS_CLIENT=1
   CONFIG_MBEDTLS_TLS_CLIENT_ONLY=1
   CONFIG_MBEDTLS_TLS_ENABLED=1
   CONFIG_MBEDTLS_X509_CRL_PARSE_C=1
   CONFIG_MBEDTLS_X509_CSR_PARSE_C=1
   CONFIG_MMU_PAGE_MODE="64KB"
   CONFIG_MMU_PAGE_SIZE=0x10000
   CONFIG_MMU_PAGE_SIZE_64KB=1
   CONFIG_MODEL_IN_FLASH=1
   CONFIG_MONITOR_BAUD=CONFIG_ESPTOOLPY_MONITOR_BAUD
   CONFIG_MQTT_PROTOCOL_311=1
   CONFIG_MQTT_TRANSPORT_SSL=1
   CONFIG_NEWLIB_NANO_FORMAT=1
   CONFIG_NEWLIB_STDIN_LINE_ENDING_CR=1
   CONFIG_NEWLIB_STDOUT_LINE_ENDING_CRLF=1
   CONFIG_NEWLIB_TIME_SYSCALL_USE_RTC_HRT=1
   CONFIG_OPTIMIZATION_ASSERTIONS_ENABLED=CONFIG_COMPILER_OPTIMIZATION_ASSERTIONS_ENABLE
   CONFIG_OPTIMIZATION_ASSERTION_LEVEL=CONFIG_COMPILER_OPTIMIZATION_ASSERTION_LEVEL
   CONFIG_OPTIMIZATION_LEVEL_DEBUG=CONFIG_COMPILER_OPTIMIZATION_DEFAULT
   CONFIG_PARTITION_TABLE_CUSTOM=1
   CONFIG_PARTITION_TABLE_CUSTOM_FILENAME="partitions.csv"
   CONFIG_PARTITION_TABLE_FILENAME="partitions.csv"
   CONFIG_PARTITION_TABLE_MD5=1
   CONFIG_PARTITION_TABLE_OFFSET=0x8000
   CONFIG_PERIPH_CTRL_FUNC_IN_IRAM=1
   CONFIG_PM_POWER_DOWN_CPU_IN_LIGHT_SLEEP=1
   CONFIG_PM_POWER_DOWN_TAGMEM_IN_LIGHT_SLEEP=1
   CONFIG_POST_EVENTS_FROM_IRAM_ISR=CONFIG_ESP_EVENT_POST_FROM_IRAM_ISR
   CONFIG_POST_EVENTS_FROM_ISR=CONFIG_ESP_EVENT_POST_FROM_ISR
   CONFIG_PTHREAD_DEFAULT_CORE_NO_AFFINITY=1
   CONFIG_PTHREAD_STACK_MIN=768
   CONFIG_PTHREAD_TASK_CORE_DEFAULT=-1
   CONFIG_PTHREAD_TASK_NAME_DEFAULT="pthread"
   CONFIG_PTHREAD_TASK_PRIO_DEFAULT=5
   CONFIG_PTHREAD_TASK_STACK_SIZE_DEFAULT=3072
   CONFIG_REDUCE_PHY_TX_POWER=CONFIG_ESP_PHY_REDUCE_TX_POWER
   CONFIG_RTC_CLK_CAL_CYCLES=1024
   CONFIG_RTC_CLK_SRC_INT_RC=1
   CONFIG_RTC_CLOCK_BBPLL_POWER_ON_WITH_USB=1
   CONFIG_SECURE_BOOT_V2_PREFERRED=1
   CONFIG_SECURE_BOOT_V2_RSA_SUPPORTED=1
   CONFIG_SECURE_ROM_DL_MODE_ENABLED=1
   CONFIG_SEMIHOSTFS_MAX_MOUNT_POINTS=CONFIG_VFS_SEMIHOSTFS_MAX_MOUNT_POINTS
   CONFIG_SOC_ADC_ARBITER_SUPPORTED=1
   CONFIG_SOC_ADC_ATTEN_NUM=4
   CONFIG_SOC_ADC_CALIBRATION_V1_SUPPORTED=1
   CONFIG_SOC_ADC_DIGI_CONTROLLER_NUM=2
   CONFIG_SOC_ADC_DIGI_DATA_BYTES_PER_CONV=4
   CONFIG_SOC_ADC_DIGI_MAX_BITWIDTH=12
   CONFIG_SOC_ADC_DIGI_MIN_BITWIDTH=12
   CONFIG_SOC_ADC_DIGI_RESULT_BYTES=4
   CONFIG_SOC_ADC_DIG_CTRL_SUPPORTED=1
   CONFIG_SOC_ADC_DMA_SUPPORTED=1
   CONFIG_SOC_ADC_FILTER_SUPPORTED=1
   CONFIG_SOC_ADC_MAX_CHANNEL_NUM=10
   CONFIG_SOC_ADC_MONITOR_SUPPORTED=1
   CONFIG_SOC_ADC_PATT_LEN_MAX=24
   CONFIG_SOC_ADC_PERIPH_NUM=2
   CONFIG_SOC_ADC_RTC_CTRL_SUPPORTED=1
   CONFIG_SOC_ADC_RTC_MAX_BITWIDTH=12
   CONFIG_SOC_ADC_RTC_MIN_BITWIDTH=12
   CONFIG_SOC_ADC_SAMPLE_FREQ_THRES_HIGH=83333
   CONFIG_SOC_ADC_SAMPLE_FREQ_THRES_LOW=611
   CONFIG_SOC_ADC_SUPPORTED=1
   CONFIG_SOC_AES_GDMA=1
   CONFIG_SOC_AES_SUPPORTED=1
   CONFIG_SOC_AES_SUPPORT_AES_128=1
   CONFIG_SOC_AES_SUPPORT_AES_256=1
   CONFIG_SOC_AES_SUPPORT_DMA=1
   CONFIG_SOC_APB_BACKUP_DMA=1
   CONFIG_SOC_APPCPU_HAS_CLOCK_GATING_BUG=1
   CONFIG_SOC_ASYNC_MEMCPY_SUPPORTED=1
   CONFIG_SOC_BLE_MESH_SUPPORTED=1
   CONFIG_SOC_BLE_SUPPORTED=1
   CONFIG_SOC_BROWNOUT_RESET_SUPPORTED=1
   CONFIG_SOC_BT_SUPPORTED=1
   CONFIG_SOC_CACHE_SUPPORT_WRAP=1
   CONFIG_SOC_CCOMP_TIMER_SUPPORTED=1
   CONFIG_SOC_COEX_HW_PTI=1
   CONFIG_SOC_CPU_BREAKPOINTS_NUM=2
   CONFIG_SOC_CPU_CORES_NUM=2
   CONFIG_SOC_CPU_HAS_FPU=1
   CONFIG_SOC_CPU_INTR_NUM=32
   CONFIG_SOC_CPU_WATCHPOINTS_NUM=2
   CONFIG_SOC_CPU_WATCHPOINT_SIZE=64
   CONFIG_SOC_DEDICATED_GPIO_SUPPORTED=1
   CONFIG_SOC_DEDIC_GPIO_IN_CHANNELS_NUM=8
   CONFIG_SOC_DEDIC_GPIO_OUT_AUTO_ENABLE=1
   CONFIG_SOC_DEDIC_GPIO_OUT_CHANNELS_NUM=8
   CONFIG_SOC_DIG_SIGN_SUPPORTED=1
   CONFIG_SOC_DS_KEY_CHECK_MAX_WAIT_US=1100
   CONFIG_SOC_DS_KEY_PARAM_MD_IV_LENGTH=16
   CONFIG_SOC_DS_SIGNATURE_MAX_BIT_LEN=4096
   CONFIG_SOC_EFUSE_KEY_PURPOSE_FIELD=1
   CONFIG_SOC_EFUSE_REVOKE_BOOT_KEY_DIGESTS=1
   CONFIG_SOC_EFUSE_SECURE_BOOT_KEY_DIGESTS=3
   CONFIG_SOC_FLASH_ENCRYPTED_XTS_AES_BLOCK_MAX=64
   CONFIG_SOC_FLASH_ENCRYPTION_XTS_AES=1
   CONFIG_SOC_FLASH_ENCRYPTION_XTS_AES_128=1
   CONFIG_SOC_FLASH_ENCRYPTION_XTS_AES_256=1
   CONFIG_SOC_FLASH_ENCRYPTION_XTS_AES_OPTIONS=1
   CONFIG_SOC_FLASH_ENC_SUPPORTED=1
   CONFIG_SOC_GDMA_GROUPS=1
   CONFIG_SOC_GDMA_PAIRS_PER_GROUP=5
   CONFIG_SOC_GDMA_PSRAM_MIN_ALIGN=16
   CONFIG_SOC_GDMA_SUPPORTED=1
   CONFIG_SOC_GDMA_SUPPORT_PSRAM=1
   CONFIG_SOC_GPIO_PIN_COUNT=49
   CONFIG_SOC_GPIO_PORT=1
   CONFIG_SOC_GPIO_SUPPORT_FORCE_HOLD=1
   CONFIG_SOC_GPIO_SUPPORT_RTC_INDEPENDENT=1
   CONFIG_SOC_GPIO_SUPPORT_SLP_SWITCH=1
   CONFIG_SOC_GPIO_VALID_GPIO_MASK=0x1FFFFFFFFFFFF
   CONFIG_SOC_HMAC_SUPPORTED=1
   CONFIG_SOC_I2C_FIFO_LEN=32
   CONFIG_SOC_I2C_NUM=2
   CONFIG_SOC_I2C_SUPPORT_HW_CLR_BUS=1
   CONFIG_SOC_I2C_SUPPORT_RTC=1
   CONFIG_SOC_I2C_SUPPORT_SLAVE=1
   CONFIG_SOC_I2C_SUPPORT_XTAL=1
   CONFIG_SOC_I2S_HW_VERSION_2=1
   CONFIG_SOC_I2S_NUM=2
   CONFIG_SOC_I2S_SUPPORTED=1
   CONFIG_SOC_I2S_SUPPORTS_PCM=1
   CONFIG_SOC_I2S_SUPPORTS_PDM=1
   CONFIG_SOC_I2S_SUPPORTS_PDM_CODEC=1
   CONFIG_SOC_I2S_SUPPORTS_PDM_RX=1
   CONFIG_SOC_I2S_SUPPORTS_PDM_TX=1
   CONFIG_SOC_I2S_SUPPORTS_TDM=1
   CONFIG_SOC_LCDCAM_SUPPORTED=1
   CONFIG_SOC_LCD_I80_BUSES=1
   CONFIG_SOC_LCD_I80_BUS_WIDTH=16
   CONFIG_SOC_LCD_I80_SUPPORTED=1
   CONFIG_SOC_LCD_RGB_DATA_WIDTH=16
   CONFIG_SOC_LCD_RGB_PANELS=1
   CONFIG_SOC_LCD_RGB_SUPPORTED=1
   CONFIG_SOC_LCD_SUPPORT_RGB_YUV_CONV=1
   CONFIG_SOC_LEDC_CHANNEL_NUM=8
   CONFIG_SOC_LEDC_SUPPORT_APB_CLOCK=1
   CONFIG_SOC_LEDC_SUPPORT_FADE_STOP=1
   CONFIG_SOC_LEDC_SUPPORT_XTAL_CLOCK=1
   CONFIG_SOC_LEDC_TIMER_BIT_WIDE_NUM=14
   CONFIG_SOC_MAC_BB_PD_MEM_SIZE=192
   CONFIG_SOC_MCPWM_CAPTURE_CHANNELS_PER_TIMER=3
   CONFIG_SOC_MCPWM_CAPTURE_TIMERS_PER_GROUP=1
   CONFIG_SOC_MCPWM_COMPARATORS_PER_OPERATOR=2
   CONFIG_SOC_MCPWM_GENERATORS_PER_OPERATOR=2
   CONFIG_SOC_MCPWM_GPIO_FAULTS_PER_GROUP=3
   CONFIG_SOC_MCPWM_GPIO_SYNCHROS_PER_GROUP=3
   CONFIG_SOC_MCPWM_GROUPS=2
   CONFIG_SOC_MCPWM_OPERATORS_PER_GROUP=3
   CONFIG_SOC_MCPWM_SUPPORTED=1
   CONFIG_SOC_MCPWM_SWSYNC_CAN_PROPAGATE=1
   CONFIG_SOC_MCPWM_TIMERS_PER_GROUP=3
   CONFIG_SOC_MCPWM_TRIGGERS_PER_OPERATOR=2
   CONFIG_SOC_MEMPROT_CPU_PREFETCH_PAD_SIZE=16
   CONFIG_SOC_MEMPROT_MEM_ALIGN_SIZE=256
   CONFIG_SOC_MEMPROT_SUPPORTED=1
   CONFIG_SOC_MEMSPI_IS_INDEPENDENT=1
   CONFIG_SOC_MEMSPI_SRC_FREQ_120M=1
   CONFIG_SOC_MEMSPI_SRC_FREQ_20M_SUPPORTED=1
   CONFIG_SOC_MEMSPI_SRC_FREQ_40M_SUPPORTED=1
   CONFIG_SOC_MEMSPI_SRC_FREQ_80M_SUPPORTED=1
   CONFIG_SOC_MMU_LINEAR_ADDRESS_REGION_NUM=1
   CONFIG_SOC_MPI_SUPPORTED=1
   CONFIG_SOC_MPU_MIN_REGION_SIZE=0x20000000
   CONFIG_SOC_MPU_REGIONS_MAX_NUM=8
   CONFIG_SOC_PCNT_CHANNELS_PER_UNIT=2
   CONFIG_SOC_PCNT_GROUPS=1
   CONFIG_SOC_PCNT_SUPPORTED=1
   CONFIG_SOC_PCNT_THRES_POINT_PER_UNIT=2
   CONFIG_SOC_PCNT_UNITS_PER_GROUP=4
   CONFIG_SOC_PHY_DIG_REGS_MEM_SIZE=21
   CONFIG_SOC_PM_SUPPORT_BT_WAKEUP=1
   CONFIG_SOC_PM_SUPPORT_CPU_PD=1
   CONFIG_SOC_PM_SUPPORT_DEEPSLEEP_CHECK_STUB_ONLY=1
   CONFIG_SOC_PM_SUPPORT_EXT_WAKEUP=1
   CONFIG_SOC_PM_SUPPORT_RTC_PERIPH_PD=1
   CONFIG_SOC_PM_SUPPORT_TAGMEM_PD=1
   CONFIG_SOC_PM_SUPPORT_TOUCH_SENSOR_WAKEUP=1
   CONFIG_SOC_PM_SUPPORT_WIFI_WAKEUP=1
   CONFIG_SOC_PSRAM_DMA_CAPABLE=1
   CONFIG_SOC_RISCV_COPROC_SUPPORTED=1
   CONFIG_SOC_RMT_CHANNELS_PER_GROUP=8
   CONFIG_SOC_RMT_GROUPS=1
   CONFIG_SOC_RMT_MEM_WORDS_PER_CHANNEL=48
   CONFIG_SOC_RMT_RX_CANDIDATES_PER_GROUP=4
   CONFIG_SOC_RMT_SUPPORTED=1
   CONFIG_SOC_RMT_SUPPORT_APB=1
   CONFIG_SOC_RMT_SUPPORT_DMA=1
   CONFIG_SOC_RMT_SUPPORT_RC_FAST=1
   CONFIG_SOC_RMT_SUPPORT_RX_DEMODULATION=1
   CONFIG_SOC_RMT_SUPPORT_RX_PINGPONG=1
   CONFIG_SOC_RMT_SUPPORT_TX_ASYNC_STOP=1
   CONFIG_SOC_RMT_SUPPORT_TX_CARRIER_DATA_ONLY=1
   CONFIG_SOC_RMT_SUPPORT_TX_LOOP_AUTO_STOP=1
   CONFIG_SOC_RMT_SUPPORT_TX_LOOP_COUNT=1
   CONFIG_SOC_RMT_SUPPORT_TX_SYNCHRO=1
   CONFIG_SOC_RMT_SUPPORT_XTAL=1
   CONFIG_SOC_RMT_TX_CANDIDATES_PER_GROUP=4
   CONFIG_SOC_RSA_MAX_BIT_LEN=4096
   CONFIG_SOC_RTCIO_HOLD_SUPPORTED=1
   CONFIG_SOC_RTCIO_INPUT_OUTPUT_SUPPORTED=1
   CONFIG_SOC_RTCIO_PIN_COUNT=22
   CONFIG_SOC_RTCIO_WAKE_SUPPORTED=1
   CONFIG_SOC_RTC_CNTL_CPU_PD_DMA_BUS_WIDTH=128
   CONFIG_SOC_RTC_CNTL_CPU_PD_REG_FILE_NUM=549
   CONFIG_SOC_RTC_CNTL_TAGMEM_PD_DMA_BUS_WIDTH=128
   CONFIG_SOC_RTC_FAST_MEM_SUPPORTED=1
   CONFIG_SOC_RTC_MEM_SUPPORTED=1
   CONFIG_SOC_RTC_SLOW_CLOCK_SUPPORT_8MD256=1
   CONFIG_SOC_RTC_SLOW_MEM_SUPPORTED=1
   CONFIG_SOC_SDMMC_HOST_SUPPORTED=1
   CONFIG_SOC_SDMMC_NUM_SLOTS=2
   CONFIG_SOC_SDMMC_SUPPORT_XTAL_CLOCK=1
   CONFIG_SOC_SDMMC_USE_GPIO_MATRIX=1
   CONFIG_SOC_SDM_CHANNELS_PER_GROUP=8
   CONFIG_SOC_SDM_GROUPS=1
   CONFIG_SOC_SDM_SUPPORTED=1
   CONFIG_SOC_SECURE_BOOT_SUPPORTED=1
   CONFIG_SOC_SECURE_BOOT_V2_RSA=1
   CONFIG_SOC_SHA_DMA_MAX_BUFFER_SIZE=3968
   CONFIG_SOC_SHA_GDMA=1
   CONFIG_SOC_SHA_SUPPORTED=1
   CONFIG_SOC_SHA_SUPPORT_DMA=1
   CONFIG_SOC_SHA_SUPPORT_RESUME=1
   CONFIG_SOC_SHA_SUPPORT_SHA1=1
   CONFIG_SOC_SHA_SUPPORT_SHA224=1
   CONFIG_SOC_SHA_SUPPORT_SHA256=1
   CONFIG_SOC_SHA_SUPPORT_SHA384=1
   CONFIG_SOC_SHA_SUPPORT_SHA512=1
   CONFIG_SOC_SHA_SUPPORT_SHA512_224=1
   CONFIG_SOC_SHA_SUPPORT_SHA512_256=1
   CONFIG_SOC_SHA_SUPPORT_SHA512_T=1
   CONFIG_SOC_SPIRAM_SUPPORTED=1
   CONFIG_SOC_SPI_MAXIMUM_BUFFER_SIZE=64
   CONFIG_SOC_SPI_MAX_CS_NUM=6
   CONFIG_SOC_SPI_MAX_PRE_DIVIDER=16
   CONFIG_SOC_SPI_MEM_SUPPORT_AUTO_RESUME=1
   CONFIG_SOC_SPI_MEM_SUPPORT_AUTO_SUSPEND=1
   CONFIG_SOC_SPI_MEM_SUPPORT_AUTO_WAIT_IDLE=1
   CONFIG_SOC_SPI_MEM_SUPPORT_CONFIG_GPIO_BY_EFUSE=1
   CONFIG_SOC_SPI_MEM_SUPPORT_OPI_MODE=1
   CONFIG_SOC_SPI_MEM_SUPPORT_SW_SUSPEND=1
   CONFIG_SOC_SPI_MEM_SUPPORT_TIME_TUNING=1
   CONFIG_SOC_SPI_PERIPH_NUM=3
   CONFIG_SOC_SPI_PERIPH_SUPPORT_CONTROL_DUMMY_OUT=1
   CONFIG_SOC_SPI_SLAVE_SUPPORT_SEG_TRANS=1
   CONFIG_SOC_SPI_SUPPORT_CD_SIG=1
   CONFIG_SOC_SPI_SUPPORT_CONTINUOUS_TRANS=1
   CONFIG_SOC_SPI_SUPPORT_DDRCLK=1
   CONFIG_SOC_SPI_SUPPORT_OCT=1
   CONFIG_SOC_SPI_SUPPORT_SLAVE_HD_VER2=1
   CONFIG_SOC_SUPPORTS_SECURE_DL_MODE=1
   CONFIG_SOC_SUPPORT_COEXISTENCE=1
   CONFIG_SOC_SUPPORT_SECURE_BOOT_REVOKE_KEY=1
   CONFIG_SOC_SYSTIMER_ALARM_MISS_COMPENSATE=1
   CONFIG_SOC_SYSTIMER_ALARM_NUM=3
   CONFIG_SOC_SYSTIMER_BIT_WIDTH_HI=20
   CONFIG_SOC_SYSTIMER_BIT_WIDTH_LO=32
   CONFIG_SOC_SYSTIMER_COUNTER_NUM=2
   CONFIG_SOC_SYSTIMER_FIXED_DIVIDER=1
   CONFIG_SOC_SYSTIMER_INT_LEVEL=1
   CONFIG_SOC_SYSTIMER_SUPPORTED=1
   CONFIG_SOC_TEMPERATURE_SENSOR_SUPPORT_FAST_RC=1
   CONFIG_SOC_TEMP_SENSOR_SUPPORTED=1
   CONFIG_SOC_TIMER_GROUPS=2
   CONFIG_SOC_TIMER_GROUP_COUNTER_BIT_WIDTH=54
   CONFIG_SOC_TIMER_GROUP_SUPPORT_APB=1
   CONFIG_SOC_TIMER_GROUP_SUPPORT_XTAL=1
   CONFIG_SOC_TIMER_GROUP_TIMERS_PER_GROUP=2
   CONFIG_SOC_TIMER_GROUP_TOTAL_TIMERS=4
   CONFIG_SOC_TOUCH_PAD_MEASURE_WAIT_MAX=0xFF
   CONFIG_SOC_TOUCH_PAD_THRESHOLD_MAX=0x1FFFFF
   CONFIG_SOC_TOUCH_PROXIMITY_CHANNEL_NUM=3
   CONFIG_SOC_TOUCH_PROXIMITY_MEAS_DONE_SUPPORTED=1
   CONFIG_SOC_TOUCH_SENSOR_NUM=15
   CONFIG_SOC_TOUCH_SENSOR_SUPPORTED=1
   CONFIG_SOC_TOUCH_VERSION_2=1
   CONFIG_SOC_TWAI_BRP_MAX=16384
   CONFIG_SOC_TWAI_BRP_MIN=2
   CONFIG_SOC_TWAI_SUPPORTED=1
   CONFIG_SOC_TWAI_SUPPORTS_RX_STATUS=1
   CONFIG_SOC_UART_BITRATE_MAX=5000000
   CONFIG_SOC_UART_FIFO_LEN=128
   CONFIG_SOC_UART_NUM=3
   CONFIG_SOC_UART_REQUIRE_CORE_RESET=1
   CONFIG_SOC_UART_SUPPORT_APB_CLK=1
   CONFIG_SOC_UART_SUPPORT_FSM_TX_WAIT_SEND=1
   CONFIG_SOC_UART_SUPPORT_RTC_CLK=1
   CONFIG_SOC_UART_SUPPORT_WAKEUP_INT=1
   CONFIG_SOC_UART_SUPPORT_XTAL_CLK=1
   CONFIG_SOC_ULP_SUPPORTED=1
   CONFIG_SOC_USB_OTG_SUPPORTED=1
   CONFIG_SOC_USB_PERIPH_NUM=1
   CONFIG_SOC_USB_SERIAL_JTAG_SUPPORTED=1
   CONFIG_SOC_WIFI_CSI_SUPPORT=1
   CONFIG_SOC_WIFI_FTM_SUPPORT=1
   CONFIG_SOC_WIFI_GCMP_SUPPORT=1
   CONFIG_SOC_WIFI_HW_TSF=1
   CONFIG_SOC_WIFI_LIGHT_SLEEP_CLK_WIDTH=12
   CONFIG_SOC_WIFI_MESH_SUPPORT=1
   CONFIG_SOC_WIFI_SUPPORTED=1
   CONFIG_SOC_WIFI_WAPI_SUPPORT=1
   CONFIG_SOC_XTAL_SUPPORT_40M=1
   CONFIG_SOC_XT_WDT_SUPPORTED=1
   CONFIG_SPIFFS_CACHE=1
   CONFIG_SPIFFS_CACHE_WR=1
   CONFIG_SPIFFS_GC_MAX_RUNS=10
   CONFIG_SPIFFS_MAX_PARTITIONS=3
   CONFIG_SPIFFS_META_LENGTH=4
   CONFIG_SPIFFS_OBJ_NAME_LEN=32
   CONFIG_SPIFFS_PAGE_CHECK=1
   CONFIG_SPIFFS_PAGE_SIZE=256
   CONFIG_SPIFFS_USE_MAGIC=1
   CONFIG_SPIFFS_USE_MAGIC_LENGTH=1
   CONFIG_SPIFFS_USE_MTIME=1
   CONFIG_SPIRAM=1
   CONFIG_SPIRAM_ALLOW_STACK_EXTERNAL_MEMORY=1
   CONFIG_SPIRAM_BOOT_INIT=1
   CONFIG_SPIRAM_MALLOC_ALWAYSINTERNAL=1024
   CONFIG_SPIRAM_MALLOC_RESERVE_INTERNAL=8192
   CONFIG_SPIRAM_MEMTEST=1
   CONFIG_SPIRAM_MODE_OCT=1
   CONFIG_SPIRAM_SPEED=80
   CONFIG_SPIRAM_SPEED_80M=1
   CONFIG_SPIRAM_TRY_ALLOCATE_WIFI_LWIP=1
   CONFIG_SPIRAM_TYPE_AUTO=1
   CONFIG_SPIRAM_USE_MALLOC=1
   CONFIG_SPI_FLASH_BROWNOUT_RESET=1
   CONFIG_SPI_FLASH_BROWNOUT_RESET_XMC=1
   CONFIG_SPI_FLASH_DANGEROUS_WRITE_ABORTS=1
   CONFIG_SPI_FLASH_ENABLE_ENCRYPTED_READ_WRITE=1
   CONFIG_SPI_FLASH_ERASE_YIELD_DURATION_MS=20
   CONFIG_SPI_FLASH_ERASE_YIELD_TICKS=1
   CONFIG_SPI_FLASH_HAS_ROM_IMPL=1
   CONFIG_SPI_FLASH_ROM_DRIVER_PATCH=1
   CONFIG_SPI_FLASH_SUPPORT_BOYA_CHIP=1
   CONFIG_SPI_FLASH_SUPPORT_GD_CHIP=1
   CONFIG_SPI_FLASH_SUPPORT_ISSI_CHIP=1
   CONFIG_SPI_FLASH_SUPPORT_MXIC_CHIP=1
   CONFIG_SPI_FLASH_SUPPORT_MXIC_OPI_CHIP=1
   CONFIG_SPI_FLASH_SUPPORT_TH_CHIP=1
   CONFIG_SPI_FLASH_SUPPORT_WINBOND_CHIP=1
   CONFIG_SPI_FLASH_WRITE_CHUNK_SIZE=8192
   CONFIG_SPI_FLASH_WRITING_DANGEROUS_REGIONS_ABORTS=CONFIG_SPI_FLASH_DANGEROUS_WRITE_ABORTS
   CONFIG_SPI_FLASH_YIELD_DURING_ERASE=1
   CONFIG_SPI_MASTER_ISR_IN_IRAM=1
   CONFIG_SPI_SLAVE_ISR_IN_IRAM=1
   CONFIG_SR_MN_CN_MULTINET5_RECOGNITION_QUANT8=1
   CONFIG_SR_MN_EN_MULTINET5_SINGLE_RECOGNITION_QUANT8=1
   CONFIG_SR_WN_LOAD_MULIT_WORD=1
   CONFIG_SR_WN_WN9_HIESP_MULTI=1
   CONFIG_SR_WN_WN9_HILEXIN_MULTI=1
   CONFIG_STACK_CHECK_NONE=CONFIG_COMPILER_STACK_CHECK_MODE_NONE
   CONFIG_SUPPORT_TERMIOS=CONFIG_VFS_SUPPORT_TERMIOS
   CONFIG_SUPPRESS_SELECT_DEBUG_OUTPUT=CONFIG_VFS_SUPPRESS_SELECT_DEBUG_OUTPUT
   CONFIG_SYSTEM_EVENT_QUEUE_SIZE=CONFIG_ESP_SYSTEM_EVENT_QUEUE_SIZE
   CONFIG_SYSTEM_EVENT_TASK_STACK_SIZE=CONFIG_ESP_SYSTEM_EVENT_TASK_STACK_SIZE
   CONFIG_TASK_WDT=CONFIG_ESP_TASK_WDT
   CONFIG_TASK_WDT_CHECK_IDLE_TASK_CPU0=CONFIG_ESP_TASK_WDT_CHECK_IDLE_TASK_CPU0
   CONFIG_TASK_WDT_CHECK_IDLE_TASK_CPU1=CONFIG_ESP_TASK_WDT_CHECK_IDLE_TASK_CPU1
   CONFIG_TASK_WDT_TIMEOUT_S=CONFIG_ESP_TASK_WDT_TIMEOUT_S
   CONFIG_TCPIP_RECVMBOX_SIZE=CONFIG_LWIP_TCPIP_RECVMBOX_SIZE
   CONFIG_TCPIP_TASK_AFFINITY=CONFIG_LWIP_TCPIP_TASK_AFFINITY
   CONFIG_TCPIP_TASK_AFFINITY_NO_AFFINITY=CONFIG_LWIP_TCPIP_TASK_AFFINITY_NO_AFFINITY
   CONFIG_TCPIP_TASK_STACK_SIZE=CONFIG_LWIP_TCPIP_TASK_STACK_SIZE
   CONFIG_TCP_MAXRTX=CONFIG_LWIP_TCP_MAXRTX
   CONFIG_TCP_MSL=CONFIG_LWIP_TCP_MSL
   CONFIG_TCP_MSS=CONFIG_LWIP_TCP_MSS
   CONFIG_TCP_OVERSIZE_MSS=CONFIG_LWIP_TCP_OVERSIZE_MSS
   CONFIG_TCP_QUEUE_OOSEQ=CONFIG_LWIP_TCP_QUEUE_OOSEQ
   CONFIG_TCP_RECVMBOX_SIZE=CONFIG_LWIP_TCP_RECVMBOX_SIZE
   CONFIG_TCP_SND_BUF_DEFAULT=CONFIG_LWIP_TCP_SND_BUF_DEFAULT
   CONFIG_TCP_SYNMAXRTX=CONFIG_LWIP_TCP_SYNMAXRTX
   CONFIG_TCP_WND_DEFAULT=CONFIG_LWIP_TCP_WND_DEFAULT
   CONFIG_TIMER_QUEUE_LENGTH=CONFIG_FREERTOS_TIMER_QUEUE_LENGTH
   CONFIG_TIMER_TASK_PRIORITY=CONFIG_FREERTOS_TIMER_TASK_PRIORITY
   CONFIG_TIMER_TASK_STACK_DEPTH=CONFIG_FREERTOS_TIMER_TASK_STACK_DEPTH
   CONFIG_TIMER_TASK_STACK_SIZE=CONFIG_ESP_TIMER_TASK_STACK_SIZE
   CONFIG_UART_ISR_IN_IRAM=1
   CONFIG_UDP_RECVMBOX_SIZE=CONFIG_LWIP_UDP_RECVMBOX_SIZE
   CONFIG_UNITY_ENABLE_DOUBLE=1
   CONFIG_UNITY_ENABLE_FLOAT=1
   CONFIG_UNITY_ENABLE_IDF_TEST_RUNNER=1
   CONFIG_USB_HOST_CONTROL_TRANSFER_MAX_SIZE=256
   CONFIG_USB_HOST_HW_BUFFER_BIAS_BALANCED=1
   CONFIG_USB_OTG_SUPPORTED=1
   CONFIG_USE_AFE=1
   CONFIG_USE_MULTINET=1
   CONFIG_USE_WAKENET=1
   CONFIG_VFS_SEMIHOSTFS_MAX_MOUNT_POINTS=1
   CONFIG_VFS_SUPPORT_DIR=1
   CONFIG_VFS_SUPPORT_IO=1
   CONFIG_VFS_SUPPORT_SELECT=1
   CONFIG_VFS_SUPPORT_TERMIOS=1
   CONFIG_VFS_SUPPRESS_SELECT_DEBUG_OUTPUT=1
   CONFIG_WIFI_PROV_AUTOSTOP_TIMEOUT=30
   CONFIG_WIFI_PROV_SCAN_MAX_ENTRIES=16
   CONFIG_WL_SECTOR_SIZE=4096
   CONFIG_WL_SECTOR_SIZE_4096=1
   CONFIG_WPA_DEBUG_PRINT=1
   CONFIG_WPA_MBEDTLS_CRYPTO=1
   CONFIG_WPA_MBEDTLS_TLS_CLIENT=1
   CONFIG_WS_BUFFER_SIZE=1024
   CONFIG_WS_TRANSPORT=1
   CONFIG_XTAL_FREQ=40
   CONFIG_XTAL_FREQ_40=1
   CONN_KNOWN_WIFI_NETWORKS=1
   ESP_OK=0
   EXAMPLE_INTERFACE=get_example_netif_from_desc(EXAMPLE_NETIF_DESC_STA)
   EXAMPLE_NETIF_DESC_STA="Inno_netif_sta"
   get_example_netif()=get_example_netif_from_desc(EXAMPLE_NETIF_DESC_STA)
   M_PI=3.14159265358979323846
   _esp_err_h_=
   __builtin_offsetof(T,m)=((size_t) &((T *)0)->m)
   __builtin_types_compatible_p(x,y)=__builtin_types_compatible_p(sizeof(x),sizeof(y))
   __builtin_va_arg(ap,type)=*(typeof(type) *)ap
   __CDT_PARSER__=110200
   __complex__=_Complex
   __COUNTER__=0
   __DATE__="Mar 19 2024"
   __extension__=
   __FILE__="file"
   __has_include=
   __has_include_next=
   __imag__=(int)
   __LINE__=1
   __null=(void *)0
   __offsetof__(x)=(x)
   __real__=(int)
   __stdcall=
   __STDC_HOSTED__=1
   __STDC_VERSION__=199901L
   __STDC__=1
   __thread=
   __TIME__="13:59:37"

Macro definitions (from files actually parsed):
   EXAMPLE_CONNECT_PREFERRED_IPV6_TYPE=ESP_IP6_ADDR_IS_GLOBAL
   EXAMPLE_CONNECT_PREFERRED_IPV6_TYPE=ESP_IP6_ADDR_IS_LINK_LOCAL
   EXAMPLE_CONNECT_PREFERRED_IPV6_TYPE=ESP_IP6_ADDR_IS_SITE_LOCAL
   EXAMPLE_CONNECT_PREFERRED_IPV6_TYPE=ESP_IP6_ADDR_IS_UNIQUE_LOCAL
   MAX_IP6_ADDRS_PER_NETIF=(5)

Unresolved includes (from headers in index):
   Unresolved inclusion: stdlib.h in file file:/Users/ekalan/Workspaces/ESPWorkspace/blower_burn_in/managed_components/espressif__esp-dsp/modules/common/include_sim/esp_err.h

Scanner problems:
   Unresolved inclusion: "stdbool.h" in file: /Users/ekalan/Workspaces/ESPWorkspace/blower_burn_in/components/inno_connect/include/example_common_private.h:10
   Unresolved inclusion: "esp_wifi.h" in file: /Users/ekalan/Workspaces/ESPWorkspace/blower_burn_in/components/inno_connect/include/example_common_private.h:12

Unresolved names:
   Attempt to use symbol failed: wifi_config_t in file /Users/ekalan/Workspaces/ESPWorkspace/blower_burn_in/components/inno_connect/include/example_common_private.h:40
   Attempt to use symbol failed: bool in file /Users/ekalan/Workspaces/ESPWorkspace/blower_burn_in/components/inno_connect/include/example_common_private.h:40
   Attempt to use symbol failed: bool in file /Users/ekalan/Workspaces/ESPWorkspace/blower_burn_in/components/inno_connect/include/example_common_private.h:42
   Attempt to use symbol failed: esp_netif_t in file /Users/ekalan/Workspaces/ESPWorkspace/blower_burn_in/components/inno_connect/include/example_common_private.h:42

Written on Tue Mar 19 13:59:37 PDT 2024
